11:25:27 DEBUG - Refreshing org.springframework.context.annotation.AnnotationConfigApplicationContext@1620391
11:25:27 DEBUG - Creating shared instance of singleton bean 'org.springframework.context.annotation.internalConfigurationAnnotationProcessor'
11:25:27 DEBUG - Creating shared instance of singleton bean 'org.springframework.context.event.internalEventListenerProcessor'
11:25:27 DEBUG - Creating shared instance of singleton bean 'org.springframework.context.event.internalEventListenerFactory'
11:25:27 DEBUG - Creating shared instance of singleton bean 'org.springframework.context.annotation.internalAutowiredAnnotationProcessor'
11:25:27 DEBUG - Creating shared instance of singleton bean 'org.springframework.context.annotation.internalCommonAnnotationProcessor'
11:25:27 DEBUG - Creating shared instance of singleton bean 'org.springframework.aop.config.internalAutoProxyCreator'
11:25:27 DEBUG - Creating shared instance of singleton bean 'defaultBeanConfiguration'
11:25:27 DEBUG - Found AspectJ method: public java.lang.Object io.appium.java_client.events.DefaultAspect.doAround(org.aspectj.lang.ProceedingJoinPoint) throws java.lang.Throwable
11:25:27 DEBUG - Found AspectJ method: public void io.appium.java_client.events.DefaultAspect.beforeAlertAccept(org.aspectj.lang.JoinPoint) throws java.lang.Throwable
11:25:27 DEBUG - Found AspectJ method: public void io.appium.java_client.events.DefaultAspect.beforeAlertDismiss(org.aspectj.lang.JoinPoint) throws java.lang.Throwable
11:25:27 DEBUG - Found AspectJ method: public void io.appium.java_client.events.DefaultAspect.beforeAlertSendKeys(org.aspectj.lang.JoinPoint) throws java.lang.Throwable
11:25:27 DEBUG - Found AspectJ method: public void io.appium.java_client.events.DefaultAspect.beforeChangeValueOf(org.aspectj.lang.JoinPoint) throws java.lang.Throwable
11:25:27 DEBUG - Found AspectJ method: public void io.appium.java_client.events.DefaultAspect.beforeClickOn(org.aspectj.lang.JoinPoint) throws java.lang.Throwable
11:25:27 DEBUG - Found AspectJ method: public void io.appium.java_client.events.DefaultAspect.beforeFindBy(org.aspectj.lang.JoinPoint) throws java.lang.Throwable
11:25:27 DEBUG - Found AspectJ method: public void io.appium.java_client.events.DefaultAspect.beforeMaximization(org.aspectj.lang.JoinPoint) throws java.lang.Throwable
11:25:27 DEBUG - Found AspectJ method: public void io.appium.java_client.events.DefaultAspect.beforeNavigateBack(org.aspectj.lang.JoinPoint) throws java.lang.Throwable
11:25:27 DEBUG - Found AspectJ method: public void io.appium.java_client.events.DefaultAspect.beforeNavigateForward(org.aspectj.lang.JoinPoint) throws java.lang.Throwable
11:25:27 DEBUG - Found AspectJ method: public void io.appium.java_client.events.DefaultAspect.beforeNavigateRefresh(org.aspectj.lang.JoinPoint) throws java.lang.Throwable
11:25:27 DEBUG - Found AspectJ method: public void io.appium.java_client.events.DefaultAspect.beforeNavigateTo(org.aspectj.lang.JoinPoint) throws java.lang.Throwable
11:25:27 DEBUG - Found AspectJ method: public void io.appium.java_client.events.DefaultAspect.beforeRotation(org.aspectj.lang.JoinPoint) throws java.lang.Throwable
11:25:27 DEBUG - Found AspectJ method: public void io.appium.java_client.events.DefaultAspect.beforeScript(org.aspectj.lang.JoinPoint) throws java.lang.Throwable
11:25:27 DEBUG - Found AspectJ method: public void io.appium.java_client.events.DefaultAspect.beforeSwitchToWindow(org.aspectj.lang.JoinPoint) throws java.lang.Throwable
11:25:27 DEBUG - Found AspectJ method: public void io.appium.java_client.events.DefaultAspect.beforeSwitchingToContext(org.aspectj.lang.JoinPoint) throws java.lang.Throwable
11:25:27 DEBUG - Found AspectJ method: public void io.appium.java_client.events.DefaultAspect.beforeTakeScreenShot(org.aspectj.lang.JoinPoint) throws java.lang.Throwable
11:25:27 DEBUG - Found AspectJ method: public void io.appium.java_client.events.DefaultAspect.beforeWindowIsMoved(org.aspectj.lang.JoinPoint) throws java.lang.Throwable
11:25:27 DEBUG - Found AspectJ method: public void io.appium.java_client.events.DefaultAspect.beforeWindowIsResized(org.aspectj.lang.JoinPoint) throws java.lang.Throwable
11:25:27 DEBUG - Found AspectJ method: public void io.appium.java_client.events.DefaultAspect.afterAlertAccept(org.aspectj.lang.JoinPoint) throws java.lang.Throwable
11:25:27 DEBUG - Found AspectJ method: public void io.appium.java_client.events.DefaultAspect.afterAlertDismiss(org.aspectj.lang.JoinPoint) throws java.lang.Throwable
11:25:27 DEBUG - Found AspectJ method: public void io.appium.java_client.events.DefaultAspect.afterAlertSendKeys(org.aspectj.lang.JoinPoint) throws java.lang.Throwable
11:25:27 DEBUG - Found AspectJ method: public void io.appium.java_client.events.DefaultAspect.afterChangeValueOf(org.aspectj.lang.JoinPoint) throws java.lang.Throwable
11:25:27 DEBUG - Found AspectJ method: public void io.appium.java_client.events.DefaultAspect.afterClickOn(org.aspectj.lang.JoinPoint) throws java.lang.Throwable
11:25:27 DEBUG - Found AspectJ method: public void io.appium.java_client.events.DefaultAspect.afterFindBy(org.aspectj.lang.JoinPoint) throws java.lang.Throwable
11:25:27 DEBUG - Found AspectJ method: public void io.appium.java_client.events.DefaultAspect.afterMaximization(org.aspectj.lang.JoinPoint) throws java.lang.Throwable
11:25:27 DEBUG - Found AspectJ method: public void io.appium.java_client.events.DefaultAspect.afterNavigateBack(org.aspectj.lang.JoinPoint) throws java.lang.Throwable
11:25:27 DEBUG - Found AspectJ method: public void io.appium.java_client.events.DefaultAspect.afterNavigateForward(org.aspectj.lang.JoinPoint) throws java.lang.Throwable
11:25:27 DEBUG - Found AspectJ method: public void io.appium.java_client.events.DefaultAspect.afterNavigateRefresh(org.aspectj.lang.JoinPoint) throws java.lang.Throwable
11:25:27 DEBUG - Found AspectJ method: public void io.appium.java_client.events.DefaultAspect.afterNavigateTo(org.aspectj.lang.JoinPoint) throws java.lang.Throwable
11:25:27 DEBUG - Found AspectJ method: public void io.appium.java_client.events.DefaultAspect.afterRotation(org.aspectj.lang.JoinPoint) throws java.lang.Throwable
11:25:27 DEBUG - Found AspectJ method: public void io.appium.java_client.events.DefaultAspect.afterScript(org.aspectj.lang.JoinPoint) throws java.lang.Throwable
11:25:27 DEBUG - Found AspectJ method: public void io.appium.java_client.events.DefaultAspect.afterSwitchToWindow(org.aspectj.lang.JoinPoint) throws java.lang.Throwable
11:25:27 DEBUG - Found AspectJ method: public void io.appium.java_client.events.DefaultAspect.afterSwitchingToContextn(org.aspectj.lang.JoinPoint) throws java.lang.Throwable
11:25:27 DEBUG - Found AspectJ method: public void io.appium.java_client.events.DefaultAspect.afterWindowIsMoved(org.aspectj.lang.JoinPoint) throws java.lang.Throwable
11:25:27 DEBUG - Found AspectJ method: public void io.appium.java_client.events.DefaultAspect.afterWindowIsResized(org.aspectj.lang.JoinPoint) throws java.lang.Throwable
11:25:27 DEBUG - Found AspectJ method: public void io.appium.java_client.events.DefaultAspect.afterTakeScreenShot(org.aspectj.lang.JoinPoint,java.lang.Object) throws java.lang.Throwable
11:25:27 DEBUG - Found AspectJ method: public java.lang.Object io.appium.java_client.events.DefaultAspect.doAround(org.aspectj.lang.ProceedingJoinPoint) throws java.lang.Throwable
11:25:27 DEBUG - Found AspectJ method: public void io.appium.java_client.events.DefaultAspect.beforeAlertAccept(org.aspectj.lang.JoinPoint) throws java.lang.Throwable
11:25:27 DEBUG - Found AspectJ method: public void io.appium.java_client.events.DefaultAspect.beforeAlertDismiss(org.aspectj.lang.JoinPoint) throws java.lang.Throwable
11:25:27 DEBUG - Found AspectJ method: public void io.appium.java_client.events.DefaultAspect.beforeAlertSendKeys(org.aspectj.lang.JoinPoint) throws java.lang.Throwable
11:25:27 DEBUG - Found AspectJ method: public void io.appium.java_client.events.DefaultAspect.beforeChangeValueOf(org.aspectj.lang.JoinPoint) throws java.lang.Throwable
11:25:27 DEBUG - Found AspectJ method: public void io.appium.java_client.events.DefaultAspect.beforeClickOn(org.aspectj.lang.JoinPoint) throws java.lang.Throwable
11:25:27 DEBUG - Found AspectJ method: public void io.appium.java_client.events.DefaultAspect.beforeFindBy(org.aspectj.lang.JoinPoint) throws java.lang.Throwable
11:25:27 DEBUG - Found AspectJ method: public void io.appium.java_client.events.DefaultAspect.beforeMaximization(org.aspectj.lang.JoinPoint) throws java.lang.Throwable
11:25:27 DEBUG - Found AspectJ method: public void io.appium.java_client.events.DefaultAspect.beforeNavigateBack(org.aspectj.lang.JoinPoint) throws java.lang.Throwable
11:25:27 DEBUG - Found AspectJ method: public void io.appium.java_client.events.DefaultAspect.beforeNavigateForward(org.aspectj.lang.JoinPoint) throws java.lang.Throwable
11:25:27 DEBUG - Found AspectJ method: public void io.appium.java_client.events.DefaultAspect.beforeNavigateRefresh(org.aspectj.lang.JoinPoint) throws java.lang.Throwable
11:25:27 DEBUG - Found AspectJ method: public void io.appium.java_client.events.DefaultAspect.beforeNavigateTo(org.aspectj.lang.JoinPoint) throws java.lang.Throwable
11:25:27 DEBUG - Found AspectJ method: public void io.appium.java_client.events.DefaultAspect.beforeRotation(org.aspectj.lang.JoinPoint) throws java.lang.Throwable
11:25:27 DEBUG - Found AspectJ method: public void io.appium.java_client.events.DefaultAspect.beforeScript(org.aspectj.lang.JoinPoint) throws java.lang.Throwable
11:25:27 DEBUG - Found AspectJ method: public void io.appium.java_client.events.DefaultAspect.beforeSwitchToWindow(org.aspectj.lang.JoinPoint) throws java.lang.Throwable
11:25:27 DEBUG - Found AspectJ method: public void io.appium.java_client.events.DefaultAspect.beforeSwitchingToContext(org.aspectj.lang.JoinPoint) throws java.lang.Throwable
11:25:27 DEBUG - Found AspectJ method: public void io.appium.java_client.events.DefaultAspect.beforeTakeScreenShot(org.aspectj.lang.JoinPoint) throws java.lang.Throwable
11:25:27 DEBUG - Found AspectJ method: public void io.appium.java_client.events.DefaultAspect.beforeWindowIsMoved(org.aspectj.lang.JoinPoint) throws java.lang.Throwable
11:25:27 DEBUG - Found AspectJ method: public void io.appium.java_client.events.DefaultAspect.beforeWindowIsResized(org.aspectj.lang.JoinPoint) throws java.lang.Throwable
11:25:27 DEBUG - Found AspectJ method: public void io.appium.java_client.events.DefaultAspect.afterAlertAccept(org.aspectj.lang.JoinPoint) throws java.lang.Throwable
11:25:27 DEBUG - Found AspectJ method: public void io.appium.java_client.events.DefaultAspect.afterAlertDismiss(org.aspectj.lang.JoinPoint) throws java.lang.Throwable
11:25:27 DEBUG - Found AspectJ method: public void io.appium.java_client.events.DefaultAspect.afterAlertSendKeys(org.aspectj.lang.JoinPoint) throws java.lang.Throwable
11:25:27 DEBUG - Found AspectJ method: public void io.appium.java_client.events.DefaultAspect.afterChangeValueOf(org.aspectj.lang.JoinPoint) throws java.lang.Throwable
11:25:27 DEBUG - Found AspectJ method: public void io.appium.java_client.events.DefaultAspect.afterClickOn(org.aspectj.lang.JoinPoint) throws java.lang.Throwable
11:25:27 DEBUG - Found AspectJ method: public void io.appium.java_client.events.DefaultAspect.afterFindBy(org.aspectj.lang.JoinPoint) throws java.lang.Throwable
11:25:27 DEBUG - Found AspectJ method: public void io.appium.java_client.events.DefaultAspect.afterMaximization(org.aspectj.lang.JoinPoint) throws java.lang.Throwable
11:25:27 DEBUG - Found AspectJ method: public void io.appium.java_client.events.DefaultAspect.afterNavigateBack(org.aspectj.lang.JoinPoint) throws java.lang.Throwable
11:25:27 DEBUG - Found AspectJ method: public void io.appium.java_client.events.DefaultAspect.afterNavigateForward(org.aspectj.lang.JoinPoint) throws java.lang.Throwable
11:25:27 DEBUG - Found AspectJ method: public void io.appium.java_client.events.DefaultAspect.afterNavigateRefresh(org.aspectj.lang.JoinPoint) throws java.lang.Throwable
11:25:27 DEBUG - Found AspectJ method: public void io.appium.java_client.events.DefaultAspect.afterNavigateTo(org.aspectj.lang.JoinPoint) throws java.lang.Throwable
11:25:27 DEBUG - Found AspectJ method: public void io.appium.java_client.events.DefaultAspect.afterRotation(org.aspectj.lang.JoinPoint) throws java.lang.Throwable
11:25:27 DEBUG - Found AspectJ method: public void io.appium.java_client.events.DefaultAspect.afterScript(org.aspectj.lang.JoinPoint) throws java.lang.Throwable
11:25:27 DEBUG - Found AspectJ method: public void io.appium.java_client.events.DefaultAspect.afterSwitchToWindow(org.aspectj.lang.JoinPoint) throws java.lang.Throwable
11:25:27 DEBUG - Found AspectJ method: public void io.appium.java_client.events.DefaultAspect.afterSwitchingToContextn(org.aspectj.lang.JoinPoint) throws java.lang.Throwable
11:25:27 DEBUG - Found AspectJ method: public void io.appium.java_client.events.DefaultAspect.afterWindowIsMoved(org.aspectj.lang.JoinPoint) throws java.lang.Throwable
11:25:27 DEBUG - Found AspectJ method: public void io.appium.java_client.events.DefaultAspect.afterWindowIsResized(org.aspectj.lang.JoinPoint) throws java.lang.Throwable
11:25:27 DEBUG - Found AspectJ method: public void io.appium.java_client.events.DefaultAspect.afterTakeScreenShot(org.aspectj.lang.JoinPoint,java.lang.Object) throws java.lang.Throwable
11:25:27 DEBUG - Found AspectJ method: public java.lang.Object io.appium.java_client.events.DefaultAspect.doAround(org.aspectj.lang.ProceedingJoinPoint) throws java.lang.Throwable
11:25:27 DEBUG - Found AspectJ method: public void io.appium.java_client.events.DefaultAspect.beforeAlertAccept(org.aspectj.lang.JoinPoint) throws java.lang.Throwable
11:25:27 DEBUG - Found AspectJ method: public void io.appium.java_client.events.DefaultAspect.beforeAlertDismiss(org.aspectj.lang.JoinPoint) throws java.lang.Throwable
11:25:27 DEBUG - Found AspectJ method: public void io.appium.java_client.events.DefaultAspect.beforeAlertSendKeys(org.aspectj.lang.JoinPoint) throws java.lang.Throwable
11:25:27 DEBUG - Found AspectJ method: public void io.appium.java_client.events.DefaultAspect.beforeChangeValueOf(org.aspectj.lang.JoinPoint) throws java.lang.Throwable
11:25:27 DEBUG - Found AspectJ method: public void io.appium.java_client.events.DefaultAspect.beforeClickOn(org.aspectj.lang.JoinPoint) throws java.lang.Throwable
11:25:27 DEBUG - Found AspectJ method: public void io.appium.java_client.events.DefaultAspect.beforeFindBy(org.aspectj.lang.JoinPoint) throws java.lang.Throwable
11:25:27 DEBUG - Found AspectJ method: public void io.appium.java_client.events.DefaultAspect.beforeMaximization(org.aspectj.lang.JoinPoint) throws java.lang.Throwable
11:25:27 DEBUG - Found AspectJ method: public void io.appium.java_client.events.DefaultAspect.beforeNavigateBack(org.aspectj.lang.JoinPoint) throws java.lang.Throwable
11:25:27 DEBUG - Found AspectJ method: public void io.appium.java_client.events.DefaultAspect.beforeNavigateForward(org.aspectj.lang.JoinPoint) throws java.lang.Throwable
11:25:27 DEBUG - Found AspectJ method: public void io.appium.java_client.events.DefaultAspect.beforeNavigateRefresh(org.aspectj.lang.JoinPoint) throws java.lang.Throwable
11:25:27 DEBUG - Found AspectJ method: public void io.appium.java_client.events.DefaultAspect.beforeNavigateTo(org.aspectj.lang.JoinPoint) throws java.lang.Throwable
11:25:27 DEBUG - Found AspectJ method: public void io.appium.java_client.events.DefaultAspect.beforeRotation(org.aspectj.lang.JoinPoint) throws java.lang.Throwable
11:25:27 DEBUG - Found AspectJ method: public void io.appium.java_client.events.DefaultAspect.beforeScript(org.aspectj.lang.JoinPoint) throws java.lang.Throwable
11:25:27 DEBUG - Found AspectJ method: public void io.appium.java_client.events.DefaultAspect.beforeSwitchToWindow(org.aspectj.lang.JoinPoint) throws java.lang.Throwable
11:25:27 DEBUG - Found AspectJ method: public void io.appium.java_client.events.DefaultAspect.beforeSwitchingToContext(org.aspectj.lang.JoinPoint) throws java.lang.Throwable
11:25:27 DEBUG - Found AspectJ method: public void io.appium.java_client.events.DefaultAspect.beforeTakeScreenShot(org.aspectj.lang.JoinPoint) throws java.lang.Throwable
11:25:27 DEBUG - Found AspectJ method: public void io.appium.java_client.events.DefaultAspect.beforeWindowIsMoved(org.aspectj.lang.JoinPoint) throws java.lang.Throwable
11:25:27 DEBUG - Found AspectJ method: public void io.appium.java_client.events.DefaultAspect.beforeWindowIsResized(org.aspectj.lang.JoinPoint) throws java.lang.Throwable
11:25:27 DEBUG - Found AspectJ method: public void io.appium.java_client.events.DefaultAspect.afterAlertAccept(org.aspectj.lang.JoinPoint) throws java.lang.Throwable
11:25:27 DEBUG - Found AspectJ method: public void io.appium.java_client.events.DefaultAspect.afterAlertDismiss(org.aspectj.lang.JoinPoint) throws java.lang.Throwable
11:25:27 DEBUG - Found AspectJ method: public void io.appium.java_client.events.DefaultAspect.afterAlertSendKeys(org.aspectj.lang.JoinPoint) throws java.lang.Throwable
11:25:27 DEBUG - Found AspectJ method: public void io.appium.java_client.events.DefaultAspect.afterChangeValueOf(org.aspectj.lang.JoinPoint) throws java.lang.Throwable
11:25:27 DEBUG - Found AspectJ method: public void io.appium.java_client.events.DefaultAspect.afterClickOn(org.aspectj.lang.JoinPoint) throws java.lang.Throwable
11:25:27 DEBUG - Found AspectJ method: public void io.appium.java_client.events.DefaultAspect.afterFindBy(org.aspectj.lang.JoinPoint) throws java.lang.Throwable
11:25:27 DEBUG - Found AspectJ method: public void io.appium.java_client.events.DefaultAspect.afterMaximization(org.aspectj.lang.JoinPoint) throws java.lang.Throwable
11:25:27 DEBUG - Found AspectJ method: public void io.appium.java_client.events.DefaultAspect.afterNavigateBack(org.aspectj.lang.JoinPoint) throws java.lang.Throwable
11:25:27 DEBUG - Found AspectJ method: public void io.appium.java_client.events.DefaultAspect.afterNavigateForward(org.aspectj.lang.JoinPoint) throws java.lang.Throwable
11:25:27 DEBUG - Found AspectJ method: public void io.appium.java_client.events.DefaultAspect.afterNavigateRefresh(org.aspectj.lang.JoinPoint) throws java.lang.Throwable
11:25:27 DEBUG - Found AspectJ method: public void io.appium.java_client.events.DefaultAspect.afterNavigateTo(org.aspectj.lang.JoinPoint) throws java.lang.Throwable
11:25:27 DEBUG - Found AspectJ method: public void io.appium.java_client.events.DefaultAspect.afterRotation(org.aspectj.lang.JoinPoint) throws java.lang.Throwable
11:25:27 DEBUG - Found AspectJ method: public void io.appium.java_client.events.DefaultAspect.afterScript(org.aspectj.lang.JoinPoint) throws java.lang.Throwable
11:25:27 DEBUG - Found AspectJ method: public void io.appium.java_client.events.DefaultAspect.afterSwitchToWindow(org.aspectj.lang.JoinPoint) throws java.lang.Throwable
11:25:27 DEBUG - Found AspectJ method: public void io.appium.java_client.events.DefaultAspect.afterSwitchingToContextn(org.aspectj.lang.JoinPoint) throws java.lang.Throwable
11:25:27 DEBUG - Found AspectJ method: public void io.appium.java_client.events.DefaultAspect.afterWindowIsMoved(org.aspectj.lang.JoinPoint) throws java.lang.Throwable
11:25:27 DEBUG - Found AspectJ method: public void io.appium.java_client.events.DefaultAspect.afterWindowIsResized(org.aspectj.lang.JoinPoint) throws java.lang.Throwable
11:25:27 DEBUG - Found AspectJ method: public void io.appium.java_client.events.DefaultAspect.afterTakeScreenShot(org.aspectj.lang.JoinPoint,java.lang.Object) throws java.lang.Throwable
11:25:27 DEBUG - Found AspectJ method: public java.lang.Object io.appium.java_client.events.DefaultAspect.doAround(org.aspectj.lang.ProceedingJoinPoint) throws java.lang.Throwable
11:25:27 DEBUG - Found AspectJ method: public void io.appium.java_client.events.DefaultAspect.beforeAlertAccept(org.aspectj.lang.JoinPoint) throws java.lang.Throwable
11:25:27 DEBUG - Found AspectJ method: public void io.appium.java_client.events.DefaultAspect.beforeAlertDismiss(org.aspectj.lang.JoinPoint) throws java.lang.Throwable
11:25:27 DEBUG - Found AspectJ method: public void io.appium.java_client.events.DefaultAspect.beforeAlertSendKeys(org.aspectj.lang.JoinPoint) throws java.lang.Throwable
11:25:27 DEBUG - Found AspectJ method: public void io.appium.java_client.events.DefaultAspect.beforeChangeValueOf(org.aspectj.lang.JoinPoint) throws java.lang.Throwable
11:25:27 DEBUG - Found AspectJ method: public void io.appium.java_client.events.DefaultAspect.beforeClickOn(org.aspectj.lang.JoinPoint) throws java.lang.Throwable
11:25:27 DEBUG - Found AspectJ method: public void io.appium.java_client.events.DefaultAspect.beforeFindBy(org.aspectj.lang.JoinPoint) throws java.lang.Throwable
11:25:27 DEBUG - Found AspectJ method: public void io.appium.java_client.events.DefaultAspect.beforeMaximization(org.aspectj.lang.JoinPoint) throws java.lang.Throwable
11:25:27 DEBUG - Found AspectJ method: public void io.appium.java_client.events.DefaultAspect.beforeNavigateBack(org.aspectj.lang.JoinPoint) throws java.lang.Throwable
11:25:27 DEBUG - Found AspectJ method: public void io.appium.java_client.events.DefaultAspect.beforeNavigateForward(org.aspectj.lang.JoinPoint) throws java.lang.Throwable
11:25:27 DEBUG - Found AspectJ method: public void io.appium.java_client.events.DefaultAspect.beforeNavigateRefresh(org.aspectj.lang.JoinPoint) throws java.lang.Throwable
11:25:27 DEBUG - Found AspectJ method: public void io.appium.java_client.events.DefaultAspect.beforeNavigateTo(org.aspectj.lang.JoinPoint) throws java.lang.Throwable
11:25:27 DEBUG - Found AspectJ method: public void io.appium.java_client.events.DefaultAspect.beforeRotation(org.aspectj.lang.JoinPoint) throws java.lang.Throwable
11:25:27 DEBUG - Found AspectJ method: public void io.appium.java_client.events.DefaultAspect.beforeScript(org.aspectj.lang.JoinPoint) throws java.lang.Throwable
11:25:27 DEBUG - Found AspectJ method: public void io.appium.java_client.events.DefaultAspect.beforeSwitchToWindow(org.aspectj.lang.JoinPoint) throws java.lang.Throwable
11:25:27 DEBUG - Found AspectJ method: public void io.appium.java_client.events.DefaultAspect.beforeSwitchingToContext(org.aspectj.lang.JoinPoint) throws java.lang.Throwable
11:25:27 DEBUG - Found AspectJ method: public void io.appium.java_client.events.DefaultAspect.beforeTakeScreenShot(org.aspectj.lang.JoinPoint) throws java.lang.Throwable
11:25:27 DEBUG - Found AspectJ method: public void io.appium.java_client.events.DefaultAspect.beforeWindowIsMoved(org.aspectj.lang.JoinPoint) throws java.lang.Throwable
11:25:27 DEBUG - Found AspectJ method: public void io.appium.java_client.events.DefaultAspect.beforeWindowIsResized(org.aspectj.lang.JoinPoint) throws java.lang.Throwable
11:25:27 DEBUG - Found AspectJ method: public void io.appium.java_client.events.DefaultAspect.afterAlertAccept(org.aspectj.lang.JoinPoint) throws java.lang.Throwable
11:25:27 DEBUG - Found AspectJ method: public void io.appium.java_client.events.DefaultAspect.afterAlertDismiss(org.aspectj.lang.JoinPoint) throws java.lang.Throwable
11:25:27 DEBUG - Found AspectJ method: public void io.appium.java_client.events.DefaultAspect.afterAlertSendKeys(org.aspectj.lang.JoinPoint) throws java.lang.Throwable
11:25:27 DEBUG - Found AspectJ method: public void io.appium.java_client.events.DefaultAspect.afterChangeValueOf(org.aspectj.lang.JoinPoint) throws java.lang.Throwable
11:25:27 DEBUG - Found AspectJ method: public void io.appium.java_client.events.DefaultAspect.afterClickOn(org.aspectj.lang.JoinPoint) throws java.lang.Throwable
11:25:27 DEBUG - Found AspectJ method: public void io.appium.java_client.events.DefaultAspect.afterFindBy(org.aspectj.lang.JoinPoint) throws java.lang.Throwable
11:25:27 DEBUG - Found AspectJ method: public void io.appium.java_client.events.DefaultAspect.afterMaximization(org.aspectj.lang.JoinPoint) throws java.lang.Throwable
11:25:27 DEBUG - Found AspectJ method: public void io.appium.java_client.events.DefaultAspect.afterNavigateBack(org.aspectj.lang.JoinPoint) throws java.lang.Throwable
11:25:27 DEBUG - Found AspectJ method: public void io.appium.java_client.events.DefaultAspect.afterNavigateForward(org.aspectj.lang.JoinPoint) throws java.lang.Throwable
11:25:27 DEBUG - Found AspectJ method: public void io.appium.java_client.events.DefaultAspect.afterNavigateRefresh(org.aspectj.lang.JoinPoint) throws java.lang.Throwable
11:25:27 DEBUG - Found AspectJ method: public void io.appium.java_client.events.DefaultAspect.afterNavigateTo(org.aspectj.lang.JoinPoint) throws java.lang.Throwable
11:25:27 DEBUG - Found AspectJ method: public void io.appium.java_client.events.DefaultAspect.afterRotation(org.aspectj.lang.JoinPoint) throws java.lang.Throwable
11:25:27 DEBUG - Found AspectJ method: public void io.appium.java_client.events.DefaultAspect.afterScript(org.aspectj.lang.JoinPoint) throws java.lang.Throwable
11:25:27 DEBUG - Found AspectJ method: public void io.appium.java_client.events.DefaultAspect.afterSwitchToWindow(org.aspectj.lang.JoinPoint) throws java.lang.Throwable
11:25:27 DEBUG - Found AspectJ method: public void io.appium.java_client.events.DefaultAspect.afterSwitchingToContextn(org.aspectj.lang.JoinPoint) throws java.lang.Throwable
11:25:27 DEBUG - Found AspectJ method: public void io.appium.java_client.events.DefaultAspect.afterWindowIsMoved(org.aspectj.lang.JoinPoint) throws java.lang.Throwable
11:25:27 DEBUG - Found AspectJ method: public void io.appium.java_client.events.DefaultAspect.afterWindowIsResized(org.aspectj.lang.JoinPoint) throws java.lang.Throwable
11:25:27 DEBUG - Found AspectJ method: public void io.appium.java_client.events.DefaultAspect.afterTakeScreenShot(org.aspectj.lang.JoinPoint,java.lang.Object) throws java.lang.Throwable
11:25:27 DEBUG - Found AspectJ method: public java.lang.Object io.appium.java_client.events.DefaultAspect.doAround(org.aspectj.lang.ProceedingJoinPoint) throws java.lang.Throwable
11:25:27 DEBUG - Found AspectJ method: public void io.appium.java_client.events.DefaultAspect.beforeAlertAccept(org.aspectj.lang.JoinPoint) throws java.lang.Throwable
11:25:27 DEBUG - Found AspectJ method: public void io.appium.java_client.events.DefaultAspect.beforeAlertDismiss(org.aspectj.lang.JoinPoint) throws java.lang.Throwable
11:25:27 DEBUG - Found AspectJ method: public void io.appium.java_client.events.DefaultAspect.beforeAlertSendKeys(org.aspectj.lang.JoinPoint) throws java.lang.Throwable
11:25:27 DEBUG - Found AspectJ method: public void io.appium.java_client.events.DefaultAspect.beforeChangeValueOf(org.aspectj.lang.JoinPoint) throws java.lang.Throwable
11:25:27 DEBUG - Found AspectJ method: public void io.appium.java_client.events.DefaultAspect.beforeClickOn(org.aspectj.lang.JoinPoint) throws java.lang.Throwable
11:25:27 DEBUG - Found AspectJ method: public void io.appium.java_client.events.DefaultAspect.beforeFindBy(org.aspectj.lang.JoinPoint) throws java.lang.Throwable
11:25:27 DEBUG - Found AspectJ method: public void io.appium.java_client.events.DefaultAspect.beforeMaximization(org.aspectj.lang.JoinPoint) throws java.lang.Throwable
11:25:27 DEBUG - Found AspectJ method: public void io.appium.java_client.events.DefaultAspect.beforeNavigateBack(org.aspectj.lang.JoinPoint) throws java.lang.Throwable
11:25:27 DEBUG - Found AspectJ method: public void io.appium.java_client.events.DefaultAspect.beforeNavigateForward(org.aspectj.lang.JoinPoint) throws java.lang.Throwable
11:25:27 DEBUG - Found AspectJ method: public void io.appium.java_client.events.DefaultAspect.beforeNavigateRefresh(org.aspectj.lang.JoinPoint) throws java.lang.Throwable
11:25:27 DEBUG - Found AspectJ method: public void io.appium.java_client.events.DefaultAspect.beforeNavigateTo(org.aspectj.lang.JoinPoint) throws java.lang.Throwable
11:25:27 DEBUG - Found AspectJ method: public void io.appium.java_client.events.DefaultAspect.beforeRotation(org.aspectj.lang.JoinPoint) throws java.lang.Throwable
11:25:27 DEBUG - Found AspectJ method: public void io.appium.java_client.events.DefaultAspect.beforeScript(org.aspectj.lang.JoinPoint) throws java.lang.Throwable
11:25:27 DEBUG - Found AspectJ method: public void io.appium.java_client.events.DefaultAspect.beforeSwitchToWindow(org.aspectj.lang.JoinPoint) throws java.lang.Throwable
11:25:27 DEBUG - Found AspectJ method: public void io.appium.java_client.events.DefaultAspect.beforeSwitchingToContext(org.aspectj.lang.JoinPoint) throws java.lang.Throwable
11:25:27 DEBUG - Found AspectJ method: public void io.appium.java_client.events.DefaultAspect.beforeTakeScreenShot(org.aspectj.lang.JoinPoint) throws java.lang.Throwable
11:25:27 DEBUG - Found AspectJ method: public void io.appium.java_client.events.DefaultAspect.beforeWindowIsMoved(org.aspectj.lang.JoinPoint) throws java.lang.Throwable
11:25:27 DEBUG - Found AspectJ method: public void io.appium.java_client.events.DefaultAspect.beforeWindowIsResized(org.aspectj.lang.JoinPoint) throws java.lang.Throwable
11:25:27 DEBUG - Found AspectJ method: public void io.appium.java_client.events.DefaultAspect.afterAlertAccept(org.aspectj.lang.JoinPoint) throws java.lang.Throwable
11:25:27 DEBUG - Found AspectJ method: public void io.appium.java_client.events.DefaultAspect.afterAlertDismiss(org.aspectj.lang.JoinPoint) throws java.lang.Throwable
11:25:27 DEBUG - Found AspectJ method: public void io.appium.java_client.events.DefaultAspect.afterAlertSendKeys(org.aspectj.lang.JoinPoint) throws java.lang.Throwable
11:25:27 DEBUG - Found AspectJ method: public void io.appium.java_client.events.DefaultAspect.afterChangeValueOf(org.aspectj.lang.JoinPoint) throws java.lang.Throwable
11:25:27 DEBUG - Found AspectJ method: public void io.appium.java_client.events.DefaultAspect.afterClickOn(org.aspectj.lang.JoinPoint) throws java.lang.Throwable
11:25:27 DEBUG - Found AspectJ method: public void io.appium.java_client.events.DefaultAspect.afterFindBy(org.aspectj.lang.JoinPoint) throws java.lang.Throwable
11:25:27 DEBUG - Found AspectJ method: public void io.appium.java_client.events.DefaultAspect.afterMaximization(org.aspectj.lang.JoinPoint) throws java.lang.Throwable
11:25:27 DEBUG - Found AspectJ method: public void io.appium.java_client.events.DefaultAspect.afterNavigateBack(org.aspectj.lang.JoinPoint) throws java.lang.Throwable
11:25:27 DEBUG - Found AspectJ method: public void io.appium.java_client.events.DefaultAspect.afterNavigateForward(org.aspectj.lang.JoinPoint) throws java.lang.Throwable
11:25:27 DEBUG - Found AspectJ method: public void io.appium.java_client.events.DefaultAspect.afterNavigateRefresh(org.aspectj.lang.JoinPoint) throws java.lang.Throwable
11:25:27 DEBUG - Found AspectJ method: public void io.appium.java_client.events.DefaultAspect.afterNavigateTo(org.aspectj.lang.JoinPoint) throws java.lang.Throwable
11:25:27 DEBUG - Found AspectJ method: public void io.appium.java_client.events.DefaultAspect.afterRotation(org.aspectj.lang.JoinPoint) throws java.lang.Throwable
11:25:27 DEBUG - Found AspectJ method: public void io.appium.java_client.events.DefaultAspect.afterScript(org.aspectj.lang.JoinPoint) throws java.lang.Throwable
11:25:27 DEBUG - Found AspectJ method: public void io.appium.java_client.events.DefaultAspect.afterSwitchToWindow(org.aspectj.lang.JoinPoint) throws java.lang.Throwable
11:25:27 DEBUG - Found AspectJ method: public void io.appium.java_client.events.DefaultAspect.afterSwitchingToContextn(org.aspectj.lang.JoinPoint) throws java.lang.Throwable
11:25:27 DEBUG - Found AspectJ method: public void io.appium.java_client.events.DefaultAspect.afterWindowIsMoved(org.aspectj.lang.JoinPoint) throws java.lang.Throwable
11:25:27 DEBUG - Found AspectJ method: public void io.appium.java_client.events.DefaultAspect.afterWindowIsResized(org.aspectj.lang.JoinPoint) throws java.lang.Throwable
11:25:27 DEBUG - Found AspectJ method: public void io.appium.java_client.events.DefaultAspect.afterTakeScreenShot(org.aspectj.lang.JoinPoint,java.lang.Object) throws java.lang.Throwable
11:25:28 INFO  - App version: 
11:25:28 INFO  - Start test logoutTest
11:25:28 INFO  - Start find --> By.xpath: //*[@resource-id='org.wikipedia:id/fragment_onboarding_skip_button']
11:25:28 INFO  - By.xpath: //*[@resource-id='org.wikipedia:id/fragment_onboarding_skip_button'] <-- Found
11:25:28 DEBUG - Found AspectJ method: public java.lang.Object io.appium.java_client.events.DefaultAspect.doAround(org.aspectj.lang.ProceedingJoinPoint) throws java.lang.Throwable
11:25:28 DEBUG - Found AspectJ method: public void io.appium.java_client.events.DefaultAspect.beforeAlertAccept(org.aspectj.lang.JoinPoint) throws java.lang.Throwable
11:25:28 DEBUG - Found AspectJ method: public void io.appium.java_client.events.DefaultAspect.beforeAlertDismiss(org.aspectj.lang.JoinPoint) throws java.lang.Throwable
11:25:28 DEBUG - Found AspectJ method: public void io.appium.java_client.events.DefaultAspect.beforeAlertSendKeys(org.aspectj.lang.JoinPoint) throws java.lang.Throwable
11:25:28 DEBUG - Found AspectJ method: public void io.appium.java_client.events.DefaultAspect.beforeChangeValueOf(org.aspectj.lang.JoinPoint) throws java.lang.Throwable
11:25:28 DEBUG - Found AspectJ method: public void io.appium.java_client.events.DefaultAspect.beforeClickOn(org.aspectj.lang.JoinPoint) throws java.lang.Throwable
11:25:28 DEBUG - Found AspectJ method: public void io.appium.java_client.events.DefaultAspect.beforeFindBy(org.aspectj.lang.JoinPoint) throws java.lang.Throwable
11:25:28 DEBUG - Found AspectJ method: public void io.appium.java_client.events.DefaultAspect.beforeMaximization(org.aspectj.lang.JoinPoint) throws java.lang.Throwable
11:25:28 DEBUG - Found AspectJ method: public void io.appium.java_client.events.DefaultAspect.beforeNavigateBack(org.aspectj.lang.JoinPoint) throws java.lang.Throwable
11:25:28 DEBUG - Found AspectJ method: public void io.appium.java_client.events.DefaultAspect.beforeNavigateForward(org.aspectj.lang.JoinPoint) throws java.lang.Throwable
11:25:28 DEBUG - Found AspectJ method: public void io.appium.java_client.events.DefaultAspect.beforeNavigateRefresh(org.aspectj.lang.JoinPoint) throws java.lang.Throwable
11:25:28 DEBUG - Found AspectJ method: public void io.appium.java_client.events.DefaultAspect.beforeNavigateTo(org.aspectj.lang.JoinPoint) throws java.lang.Throwable
11:25:28 DEBUG - Found AspectJ method: public void io.appium.java_client.events.DefaultAspect.beforeRotation(org.aspectj.lang.JoinPoint) throws java.lang.Throwable
11:25:28 DEBUG - Found AspectJ method: public void io.appium.java_client.events.DefaultAspect.beforeScript(org.aspectj.lang.JoinPoint) throws java.lang.Throwable
11:25:28 DEBUG - Found AspectJ method: public void io.appium.java_client.events.DefaultAspect.beforeSwitchToWindow(org.aspectj.lang.JoinPoint) throws java.lang.Throwable
11:25:28 DEBUG - Found AspectJ method: public void io.appium.java_client.events.DefaultAspect.beforeSwitchingToContext(org.aspectj.lang.JoinPoint) throws java.lang.Throwable
11:25:28 DEBUG - Found AspectJ method: public void io.appium.java_client.events.DefaultAspect.beforeTakeScreenShot(org.aspectj.lang.JoinPoint) throws java.lang.Throwable
11:25:28 DEBUG - Found AspectJ method: public void io.appium.java_client.events.DefaultAspect.beforeWindowIsMoved(org.aspectj.lang.JoinPoint) throws java.lang.Throwable
11:25:28 DEBUG - Found AspectJ method: public void io.appium.java_client.events.DefaultAspect.beforeWindowIsResized(org.aspectj.lang.JoinPoint) throws java.lang.Throwable
11:25:28 DEBUG - Found AspectJ method: public void io.appium.java_client.events.DefaultAspect.afterAlertAccept(org.aspectj.lang.JoinPoint) throws java.lang.Throwable
11:25:28 DEBUG - Found AspectJ method: public void io.appium.java_client.events.DefaultAspect.afterAlertDismiss(org.aspectj.lang.JoinPoint) throws java.lang.Throwable
11:25:28 DEBUG - Found AspectJ method: public void io.appium.java_client.events.DefaultAspect.afterAlertSendKeys(org.aspectj.lang.JoinPoint) throws java.lang.Throwable
11:25:28 DEBUG - Found AspectJ method: public void io.appium.java_client.events.DefaultAspect.afterChangeValueOf(org.aspectj.lang.JoinPoint) throws java.lang.Throwable
11:25:28 DEBUG - Found AspectJ method: public void io.appium.java_client.events.DefaultAspect.afterClickOn(org.aspectj.lang.JoinPoint) throws java.lang.Throwable
11:25:28 DEBUG - Found AspectJ method: public void io.appium.java_client.events.DefaultAspect.afterFindBy(org.aspectj.lang.JoinPoint) throws java.lang.Throwable
11:25:28 DEBUG - Found AspectJ method: public void io.appium.java_client.events.DefaultAspect.afterMaximization(org.aspectj.lang.JoinPoint) throws java.lang.Throwable
11:25:28 DEBUG - Found AspectJ method: public void io.appium.java_client.events.DefaultAspect.afterNavigateBack(org.aspectj.lang.JoinPoint) throws java.lang.Throwable
11:25:28 DEBUG - Found AspectJ method: public void io.appium.java_client.events.DefaultAspect.afterNavigateForward(org.aspectj.lang.JoinPoint) throws java.lang.Throwable
11:25:28 DEBUG - Found AspectJ method: public void io.appium.java_client.events.DefaultAspect.afterNavigateRefresh(org.aspectj.lang.JoinPoint) throws java.lang.Throwable
11:25:28 DEBUG - Found AspectJ method: public void io.appium.java_client.events.DefaultAspect.afterNavigateTo(org.aspectj.lang.JoinPoint) throws java.lang.Throwable
11:25:28 DEBUG - Found AspectJ method: public void io.appium.java_client.events.DefaultAspect.afterRotation(org.aspectj.lang.JoinPoint) throws java.lang.Throwable
11:25:28 DEBUG - Found AspectJ method: public void io.appium.java_client.events.DefaultAspect.afterScript(org.aspectj.lang.JoinPoint) throws java.lang.Throwable
11:25:28 DEBUG - Found AspectJ method: public void io.appium.java_client.events.DefaultAspect.afterSwitchToWindow(org.aspectj.lang.JoinPoint) throws java.lang.Throwable
11:25:28 DEBUG - Found AspectJ method: public void io.appium.java_client.events.DefaultAspect.afterSwitchingToContextn(org.aspectj.lang.JoinPoint) throws java.lang.Throwable
11:25:28 DEBUG - Found AspectJ method: public void io.appium.java_client.events.DefaultAspect.afterWindowIsMoved(org.aspectj.lang.JoinPoint) throws java.lang.Throwable
11:25:28 DEBUG - Found AspectJ method: public void io.appium.java_client.events.DefaultAspect.afterWindowIsResized(org.aspectj.lang.JoinPoint) throws java.lang.Throwable
11:25:28 DEBUG - Found AspectJ method: public void io.appium.java_client.events.DefaultAspect.afterTakeScreenShot(org.aspectj.lang.JoinPoint,java.lang.Object) throws java.lang.Throwable
11:25:28 DEBUG - Found AspectJ method: public java.lang.Object io.appium.java_client.events.DefaultAspect.doAround(org.aspectj.lang.ProceedingJoinPoint) throws java.lang.Throwable
11:25:28 DEBUG - Found AspectJ method: public void io.appium.java_client.events.DefaultAspect.beforeAlertAccept(org.aspectj.lang.JoinPoint) throws java.lang.Throwable
11:25:28 DEBUG - Found AspectJ method: public void io.appium.java_client.events.DefaultAspect.beforeAlertDismiss(org.aspectj.lang.JoinPoint) throws java.lang.Throwable
11:25:28 DEBUG - Found AspectJ method: public void io.appium.java_client.events.DefaultAspect.beforeAlertSendKeys(org.aspectj.lang.JoinPoint) throws java.lang.Throwable
11:25:28 DEBUG - Found AspectJ method: public void io.appium.java_client.events.DefaultAspect.beforeChangeValueOf(org.aspectj.lang.JoinPoint) throws java.lang.Throwable
11:25:28 DEBUG - Found AspectJ method: public void io.appium.java_client.events.DefaultAspect.beforeClickOn(org.aspectj.lang.JoinPoint) throws java.lang.Throwable
11:25:28 DEBUG - Found AspectJ method: public void io.appium.java_client.events.DefaultAspect.beforeFindBy(org.aspectj.lang.JoinPoint) throws java.lang.Throwable
11:25:28 DEBUG - Found AspectJ method: public void io.appium.java_client.events.DefaultAspect.beforeMaximization(org.aspectj.lang.JoinPoint) throws java.lang.Throwable
11:25:28 DEBUG - Found AspectJ method: public void io.appium.java_client.events.DefaultAspect.beforeNavigateBack(org.aspectj.lang.JoinPoint) throws java.lang.Throwable
11:25:28 DEBUG - Found AspectJ method: public void io.appium.java_client.events.DefaultAspect.beforeNavigateForward(org.aspectj.lang.JoinPoint) throws java.lang.Throwable
11:25:28 DEBUG - Found AspectJ method: public void io.appium.java_client.events.DefaultAspect.beforeNavigateRefresh(org.aspectj.lang.JoinPoint) throws java.lang.Throwable
11:25:28 DEBUG - Found AspectJ method: public void io.appium.java_client.events.DefaultAspect.beforeNavigateTo(org.aspectj.lang.JoinPoint) throws java.lang.Throwable
11:25:28 DEBUG - Found AspectJ method: public void io.appium.java_client.events.DefaultAspect.beforeRotation(org.aspectj.lang.JoinPoint) throws java.lang.Throwable
11:25:28 DEBUG - Found AspectJ method: public void io.appium.java_client.events.DefaultAspect.beforeScript(org.aspectj.lang.JoinPoint) throws java.lang.Throwable
11:25:28 DEBUG - Found AspectJ method: public void io.appium.java_client.events.DefaultAspect.beforeSwitchToWindow(org.aspectj.lang.JoinPoint) throws java.lang.Throwable
11:25:28 DEBUG - Found AspectJ method: public void io.appium.java_client.events.DefaultAspect.beforeSwitchingToContext(org.aspectj.lang.JoinPoint) throws java.lang.Throwable
11:25:28 DEBUG - Found AspectJ method: public void io.appium.java_client.events.DefaultAspect.beforeTakeScreenShot(org.aspectj.lang.JoinPoint) throws java.lang.Throwable
11:25:28 DEBUG - Found AspectJ method: public void io.appium.java_client.events.DefaultAspect.beforeWindowIsMoved(org.aspectj.lang.JoinPoint) throws java.lang.Throwable
11:25:28 DEBUG - Found AspectJ method: public void io.appium.java_client.events.DefaultAspect.beforeWindowIsResized(org.aspectj.lang.JoinPoint) throws java.lang.Throwable
11:25:28 DEBUG - Found AspectJ method: public void io.appium.java_client.events.DefaultAspect.afterAlertAccept(org.aspectj.lang.JoinPoint) throws java.lang.Throwable
11:25:28 DEBUG - Found AspectJ method: public void io.appium.java_client.events.DefaultAspect.afterAlertDismiss(org.aspectj.lang.JoinPoint) throws java.lang.Throwable
11:25:28 DEBUG - Found AspectJ method: public void io.appium.java_client.events.DefaultAspect.afterAlertSendKeys(org.aspectj.lang.JoinPoint) throws java.lang.Throwable
11:25:28 DEBUG - Found AspectJ method: public void io.appium.java_client.events.DefaultAspect.afterChangeValueOf(org.aspectj.lang.JoinPoint) throws java.lang.Throwable
11:25:28 DEBUG - Found AspectJ method: public void io.appium.java_client.events.DefaultAspect.afterClickOn(org.aspectj.lang.JoinPoint) throws java.lang.Throwable
11:25:28 DEBUG - Found AspectJ method: public void io.appium.java_client.events.DefaultAspect.afterFindBy(org.aspectj.lang.JoinPoint) throws java.lang.Throwable
11:25:28 DEBUG - Found AspectJ method: public void io.appium.java_client.events.DefaultAspect.afterMaximization(org.aspectj.lang.JoinPoint) throws java.lang.Throwable
11:25:28 DEBUG - Found AspectJ method: public void io.appium.java_client.events.DefaultAspect.afterNavigateBack(org.aspectj.lang.JoinPoint) throws java.lang.Throwable
11:25:28 DEBUG - Found AspectJ method: public void io.appium.java_client.events.DefaultAspect.afterNavigateForward(org.aspectj.lang.JoinPoint) throws java.lang.Throwable
11:25:28 DEBUG - Found AspectJ method: public void io.appium.java_client.events.DefaultAspect.afterNavigateRefresh(org.aspectj.lang.JoinPoint) throws java.lang.Throwable
11:25:28 DEBUG - Found AspectJ method: public void io.appium.java_client.events.DefaultAspect.afterNavigateTo(org.aspectj.lang.JoinPoint) throws java.lang.Throwable
11:25:28 DEBUG - Found AspectJ method: public void io.appium.java_client.events.DefaultAspect.afterRotation(org.aspectj.lang.JoinPoint) throws java.lang.Throwable
11:25:28 DEBUG - Found AspectJ method: public void io.appium.java_client.events.DefaultAspect.afterScript(org.aspectj.lang.JoinPoint) throws java.lang.Throwable
11:25:28 DEBUG - Found AspectJ method: public void io.appium.java_client.events.DefaultAspect.afterSwitchToWindow(org.aspectj.lang.JoinPoint) throws java.lang.Throwable
11:25:28 DEBUG - Found AspectJ method: public void io.appium.java_client.events.DefaultAspect.afterSwitchingToContextn(org.aspectj.lang.JoinPoint) throws java.lang.Throwable
11:25:28 DEBUG - Found AspectJ method: public void io.appium.java_client.events.DefaultAspect.afterWindowIsMoved(org.aspectj.lang.JoinPoint) throws java.lang.Throwable
11:25:28 DEBUG - Found AspectJ method: public void io.appium.java_client.events.DefaultAspect.afterWindowIsResized(org.aspectj.lang.JoinPoint) throws java.lang.Throwable
11:25:28 DEBUG - Found AspectJ method: public void io.appium.java_client.events.DefaultAspect.afterTakeScreenShot(org.aspectj.lang.JoinPoint,java.lang.Object) throws java.lang.Throwable
11:25:28 INFO  - Start find --> By.xpath: //*[@resource-id='org.wikipedia:id/menu_icon']
11:25:30 INFO  - By.xpath: //*[@resource-id='org.wikipedia:id/menu_icon'] <-- Found
11:25:30 DEBUG - Found AspectJ method: public java.lang.Object io.appium.java_client.events.DefaultAspect.doAround(org.aspectj.lang.ProceedingJoinPoint) throws java.lang.Throwable
11:25:30 DEBUG - Found AspectJ method: public void io.appium.java_client.events.DefaultAspect.beforeAlertAccept(org.aspectj.lang.JoinPoint) throws java.lang.Throwable
11:25:30 DEBUG - Found AspectJ method: public void io.appium.java_client.events.DefaultAspect.beforeAlertDismiss(org.aspectj.lang.JoinPoint) throws java.lang.Throwable
11:25:30 DEBUG - Found AspectJ method: public void io.appium.java_client.events.DefaultAspect.beforeAlertSendKeys(org.aspectj.lang.JoinPoint) throws java.lang.Throwable
11:25:30 DEBUG - Found AspectJ method: public void io.appium.java_client.events.DefaultAspect.beforeChangeValueOf(org.aspectj.lang.JoinPoint) throws java.lang.Throwable
11:25:30 DEBUG - Found AspectJ method: public void io.appium.java_client.events.DefaultAspect.beforeClickOn(org.aspectj.lang.JoinPoint) throws java.lang.Throwable
11:25:30 DEBUG - Found AspectJ method: public void io.appium.java_client.events.DefaultAspect.beforeFindBy(org.aspectj.lang.JoinPoint) throws java.lang.Throwable
11:25:30 DEBUG - Found AspectJ method: public void io.appium.java_client.events.DefaultAspect.beforeMaximization(org.aspectj.lang.JoinPoint) throws java.lang.Throwable
11:25:30 DEBUG - Found AspectJ method: public void io.appium.java_client.events.DefaultAspect.beforeNavigateBack(org.aspectj.lang.JoinPoint) throws java.lang.Throwable
11:25:30 DEBUG - Found AspectJ method: public void io.appium.java_client.events.DefaultAspect.beforeNavigateForward(org.aspectj.lang.JoinPoint) throws java.lang.Throwable
11:25:30 DEBUG - Found AspectJ method: public void io.appium.java_client.events.DefaultAspect.beforeNavigateRefresh(org.aspectj.lang.JoinPoint) throws java.lang.Throwable
11:25:30 DEBUG - Found AspectJ method: public void io.appium.java_client.events.DefaultAspect.beforeNavigateTo(org.aspectj.lang.JoinPoint) throws java.lang.Throwable
11:25:30 DEBUG - Found AspectJ method: public void io.appium.java_client.events.DefaultAspect.beforeRotation(org.aspectj.lang.JoinPoint) throws java.lang.Throwable
11:25:30 DEBUG - Found AspectJ method: public void io.appium.java_client.events.DefaultAspect.beforeScript(org.aspectj.lang.JoinPoint) throws java.lang.Throwable
11:25:30 DEBUG - Found AspectJ method: public void io.appium.java_client.events.DefaultAspect.beforeSwitchToWindow(org.aspectj.lang.JoinPoint) throws java.lang.Throwable
11:25:30 DEBUG - Found AspectJ method: public void io.appium.java_client.events.DefaultAspect.beforeSwitchingToContext(org.aspectj.lang.JoinPoint) throws java.lang.Throwable
11:25:30 DEBUG - Found AspectJ method: public void io.appium.java_client.events.DefaultAspect.beforeTakeScreenShot(org.aspectj.lang.JoinPoint) throws java.lang.Throwable
11:25:30 DEBUG - Found AspectJ method: public void io.appium.java_client.events.DefaultAspect.beforeWindowIsMoved(org.aspectj.lang.JoinPoint) throws java.lang.Throwable
11:25:30 DEBUG - Found AspectJ method: public void io.appium.java_client.events.DefaultAspect.beforeWindowIsResized(org.aspectj.lang.JoinPoint) throws java.lang.Throwable
11:25:30 DEBUG - Found AspectJ method: public void io.appium.java_client.events.DefaultAspect.afterAlertAccept(org.aspectj.lang.JoinPoint) throws java.lang.Throwable
11:25:30 DEBUG - Found AspectJ method: public void io.appium.java_client.events.DefaultAspect.afterAlertDismiss(org.aspectj.lang.JoinPoint) throws java.lang.Throwable
11:25:30 DEBUG - Found AspectJ method: public void io.appium.java_client.events.DefaultAspect.afterAlertSendKeys(org.aspectj.lang.JoinPoint) throws java.lang.Throwable
11:25:30 DEBUG - Found AspectJ method: public void io.appium.java_client.events.DefaultAspect.afterChangeValueOf(org.aspectj.lang.JoinPoint) throws java.lang.Throwable
11:25:30 DEBUG - Found AspectJ method: public void io.appium.java_client.events.DefaultAspect.afterClickOn(org.aspectj.lang.JoinPoint) throws java.lang.Throwable
11:25:30 DEBUG - Found AspectJ method: public void io.appium.java_client.events.DefaultAspect.afterFindBy(org.aspectj.lang.JoinPoint) throws java.lang.Throwable
11:25:30 DEBUG - Found AspectJ method: public void io.appium.java_client.events.DefaultAspect.afterMaximization(org.aspectj.lang.JoinPoint) throws java.lang.Throwable
11:25:30 DEBUG - Found AspectJ method: public void io.appium.java_client.events.DefaultAspect.afterNavigateBack(org.aspectj.lang.JoinPoint) throws java.lang.Throwable
11:25:30 DEBUG - Found AspectJ method: public void io.appium.java_client.events.DefaultAspect.afterNavigateForward(org.aspectj.lang.JoinPoint) throws java.lang.Throwable
11:25:30 DEBUG - Found AspectJ method: public void io.appium.java_client.events.DefaultAspect.afterNavigateRefresh(org.aspectj.lang.JoinPoint) throws java.lang.Throwable
11:25:30 DEBUG - Found AspectJ method: public void io.appium.java_client.events.DefaultAspect.afterNavigateTo(org.aspectj.lang.JoinPoint) throws java.lang.Throwable
11:25:30 DEBUG - Found AspectJ method: public void io.appium.java_client.events.DefaultAspect.afterRotation(org.aspectj.lang.JoinPoint) throws java.lang.Throwable
11:25:30 DEBUG - Found AspectJ method: public void io.appium.java_client.events.DefaultAspect.afterScript(org.aspectj.lang.JoinPoint) throws java.lang.Throwable
11:25:30 DEBUG - Found AspectJ method: public void io.appium.java_client.events.DefaultAspect.afterSwitchToWindow(org.aspectj.lang.JoinPoint) throws java.lang.Throwable
11:25:30 DEBUG - Found AspectJ method: public void io.appium.java_client.events.DefaultAspect.afterSwitchingToContextn(org.aspectj.lang.JoinPoint) throws java.lang.Throwable
11:25:30 DEBUG - Found AspectJ method: public void io.appium.java_client.events.DefaultAspect.afterWindowIsMoved(org.aspectj.lang.JoinPoint) throws java.lang.Throwable
11:25:30 DEBUG - Found AspectJ method: public void io.appium.java_client.events.DefaultAspect.afterWindowIsResized(org.aspectj.lang.JoinPoint) throws java.lang.Throwable
11:25:30 DEBUG - Found AspectJ method: public void io.appium.java_client.events.DefaultAspect.afterTakeScreenShot(org.aspectj.lang.JoinPoint,java.lang.Object) throws java.lang.Throwable
11:25:30 DEBUG - Found AspectJ method: public java.lang.Object io.appium.java_client.events.DefaultAspect.doAround(org.aspectj.lang.ProceedingJoinPoint) throws java.lang.Throwable
11:25:30 DEBUG - Found AspectJ method: public void io.appium.java_client.events.DefaultAspect.beforeAlertAccept(org.aspectj.lang.JoinPoint) throws java.lang.Throwable
11:25:30 DEBUG - Found AspectJ method: public void io.appium.java_client.events.DefaultAspect.beforeAlertDismiss(org.aspectj.lang.JoinPoint) throws java.lang.Throwable
11:25:30 DEBUG - Found AspectJ method: public void io.appium.java_client.events.DefaultAspect.beforeAlertSendKeys(org.aspectj.lang.JoinPoint) throws java.lang.Throwable
11:25:30 DEBUG - Found AspectJ method: public void io.appium.java_client.events.DefaultAspect.beforeChangeValueOf(org.aspectj.lang.JoinPoint) throws java.lang.Throwable
11:25:30 DEBUG - Found AspectJ method: public void io.appium.java_client.events.DefaultAspect.beforeClickOn(org.aspectj.lang.JoinPoint) throws java.lang.Throwable
11:25:30 DEBUG - Found AspectJ method: public void io.appium.java_client.events.DefaultAspect.beforeFindBy(org.aspectj.lang.JoinPoint) throws java.lang.Throwable
11:25:30 DEBUG - Found AspectJ method: public void io.appium.java_client.events.DefaultAspect.beforeMaximization(org.aspectj.lang.JoinPoint) throws java.lang.Throwable
11:25:30 DEBUG - Found AspectJ method: public void io.appium.java_client.events.DefaultAspect.beforeNavigateBack(org.aspectj.lang.JoinPoint) throws java.lang.Throwable
11:25:30 DEBUG - Found AspectJ method: public void io.appium.java_client.events.DefaultAspect.beforeNavigateForward(org.aspectj.lang.JoinPoint) throws java.lang.Throwable
11:25:30 DEBUG - Found AspectJ method: public void io.appium.java_client.events.DefaultAspect.beforeNavigateRefresh(org.aspectj.lang.JoinPoint) throws java.lang.Throwable
11:25:30 DEBUG - Found AspectJ method: public void io.appium.java_client.events.DefaultAspect.beforeNavigateTo(org.aspectj.lang.JoinPoint) throws java.lang.Throwable
11:25:30 DEBUG - Found AspectJ method: public void io.appium.java_client.events.DefaultAspect.beforeRotation(org.aspectj.lang.JoinPoint) throws java.lang.Throwable
11:25:30 DEBUG - Found AspectJ method: public void io.appium.java_client.events.DefaultAspect.beforeScript(org.aspectj.lang.JoinPoint) throws java.lang.Throwable
11:25:30 DEBUG - Found AspectJ method: public void io.appium.java_client.events.DefaultAspect.beforeSwitchToWindow(org.aspectj.lang.JoinPoint) throws java.lang.Throwable
11:25:30 DEBUG - Found AspectJ method: public void io.appium.java_client.events.DefaultAspect.beforeSwitchingToContext(org.aspectj.lang.JoinPoint) throws java.lang.Throwable
11:25:30 DEBUG - Found AspectJ method: public void io.appium.java_client.events.DefaultAspect.beforeTakeScreenShot(org.aspectj.lang.JoinPoint) throws java.lang.Throwable
11:25:30 DEBUG - Found AspectJ method: public void io.appium.java_client.events.DefaultAspect.beforeWindowIsMoved(org.aspectj.lang.JoinPoint) throws java.lang.Throwable
11:25:30 DEBUG - Found AspectJ method: public void io.appium.java_client.events.DefaultAspect.beforeWindowIsResized(org.aspectj.lang.JoinPoint) throws java.lang.Throwable
11:25:30 DEBUG - Found AspectJ method: public void io.appium.java_client.events.DefaultAspect.afterAlertAccept(org.aspectj.lang.JoinPoint) throws java.lang.Throwable
11:25:30 DEBUG - Found AspectJ method: public void io.appium.java_client.events.DefaultAspect.afterAlertDismiss(org.aspectj.lang.JoinPoint) throws java.lang.Throwable
11:25:30 DEBUG - Found AspectJ method: public void io.appium.java_client.events.DefaultAspect.afterAlertSendKeys(org.aspectj.lang.JoinPoint) throws java.lang.Throwable
11:25:30 DEBUG - Found AspectJ method: public void io.appium.java_client.events.DefaultAspect.afterChangeValueOf(org.aspectj.lang.JoinPoint) throws java.lang.Throwable
11:25:30 DEBUG - Found AspectJ method: public void io.appium.java_client.events.DefaultAspect.afterClickOn(org.aspectj.lang.JoinPoint) throws java.lang.Throwable
11:25:30 DEBUG - Found AspectJ method: public void io.appium.java_client.events.DefaultAspect.afterFindBy(org.aspectj.lang.JoinPoint) throws java.lang.Throwable
11:25:30 DEBUG - Found AspectJ method: public void io.appium.java_client.events.DefaultAspect.afterMaximization(org.aspectj.lang.JoinPoint) throws java.lang.Throwable
11:25:30 DEBUG - Found AspectJ method: public void io.appium.java_client.events.DefaultAspect.afterNavigateBack(org.aspectj.lang.JoinPoint) throws java.lang.Throwable
11:25:30 DEBUG - Found AspectJ method: public void io.appium.java_client.events.DefaultAspect.afterNavigateForward(org.aspectj.lang.JoinPoint) throws java.lang.Throwable
11:25:30 DEBUG - Found AspectJ method: public void io.appium.java_client.events.DefaultAspect.afterNavigateRefresh(org.aspectj.lang.JoinPoint) throws java.lang.Throwable
11:25:30 DEBUG - Found AspectJ method: public void io.appium.java_client.events.DefaultAspect.afterNavigateTo(org.aspectj.lang.JoinPoint) throws java.lang.Throwable
11:25:30 DEBUG - Found AspectJ method: public void io.appium.java_client.events.DefaultAspect.afterRotation(org.aspectj.lang.JoinPoint) throws java.lang.Throwable
11:25:30 DEBUG - Found AspectJ method: public void io.appium.java_client.events.DefaultAspect.afterScript(org.aspectj.lang.JoinPoint) throws java.lang.Throwable
11:25:30 DEBUG - Found AspectJ method: public void io.appium.java_client.events.DefaultAspect.afterSwitchToWindow(org.aspectj.lang.JoinPoint) throws java.lang.Throwable
11:25:30 DEBUG - Found AspectJ method: public void io.appium.java_client.events.DefaultAspect.afterSwitchingToContextn(org.aspectj.lang.JoinPoint) throws java.lang.Throwable
11:25:30 DEBUG - Found AspectJ method: public void io.appium.java_client.events.DefaultAspect.afterWindowIsMoved(org.aspectj.lang.JoinPoint) throws java.lang.Throwable
11:25:30 DEBUG - Found AspectJ method: public void io.appium.java_client.events.DefaultAspect.afterWindowIsResized(org.aspectj.lang.JoinPoint) throws java.lang.Throwable
11:25:30 DEBUG - Found AspectJ method: public void io.appium.java_client.events.DefaultAspect.afterTakeScreenShot(org.aspectj.lang.JoinPoint,java.lang.Object) throws java.lang.Throwable
11:25:30 INFO  - Start find --> By.xpath: //*[@resource-id='org.wikipedia:id/main_drawer_account_name']
11:25:31 INFO  - By.xpath: //*[@resource-id='org.wikipedia:id/main_drawer_account_name'] <-- Found
11:25:31 DEBUG - Found AspectJ method: public java.lang.Object io.appium.java_client.events.DefaultAspect.doAround(org.aspectj.lang.ProceedingJoinPoint) throws java.lang.Throwable
11:25:31 DEBUG - Found AspectJ method: public void io.appium.java_client.events.DefaultAspect.beforeAlertAccept(org.aspectj.lang.JoinPoint) throws java.lang.Throwable
11:25:31 DEBUG - Found AspectJ method: public void io.appium.java_client.events.DefaultAspect.beforeAlertDismiss(org.aspectj.lang.JoinPoint) throws java.lang.Throwable
11:25:31 DEBUG - Found AspectJ method: public void io.appium.java_client.events.DefaultAspect.beforeAlertSendKeys(org.aspectj.lang.JoinPoint) throws java.lang.Throwable
11:25:31 DEBUG - Found AspectJ method: public void io.appium.java_client.events.DefaultAspect.beforeChangeValueOf(org.aspectj.lang.JoinPoint) throws java.lang.Throwable
11:25:31 DEBUG - Found AspectJ method: public void io.appium.java_client.events.DefaultAspect.beforeClickOn(org.aspectj.lang.JoinPoint) throws java.lang.Throwable
11:25:31 DEBUG - Found AspectJ method: public void io.appium.java_client.events.DefaultAspect.beforeFindBy(org.aspectj.lang.JoinPoint) throws java.lang.Throwable
11:25:31 DEBUG - Found AspectJ method: public void io.appium.java_client.events.DefaultAspect.beforeMaximization(org.aspectj.lang.JoinPoint) throws java.lang.Throwable
11:25:31 DEBUG - Found AspectJ method: public void io.appium.java_client.events.DefaultAspect.beforeNavigateBack(org.aspectj.lang.JoinPoint) throws java.lang.Throwable
11:25:31 DEBUG - Found AspectJ method: public void io.appium.java_client.events.DefaultAspect.beforeNavigateForward(org.aspectj.lang.JoinPoint) throws java.lang.Throwable
11:25:31 DEBUG - Found AspectJ method: public void io.appium.java_client.events.DefaultAspect.beforeNavigateRefresh(org.aspectj.lang.JoinPoint) throws java.lang.Throwable
11:25:31 DEBUG - Found AspectJ method: public void io.appium.java_client.events.DefaultAspect.beforeNavigateTo(org.aspectj.lang.JoinPoint) throws java.lang.Throwable
11:25:31 DEBUG - Found AspectJ method: public void io.appium.java_client.events.DefaultAspect.beforeRotation(org.aspectj.lang.JoinPoint) throws java.lang.Throwable
11:25:31 DEBUG - Found AspectJ method: public void io.appium.java_client.events.DefaultAspect.beforeScript(org.aspectj.lang.JoinPoint) throws java.lang.Throwable
11:25:31 DEBUG - Found AspectJ method: public void io.appium.java_client.events.DefaultAspect.beforeSwitchToWindow(org.aspectj.lang.JoinPoint) throws java.lang.Throwable
11:25:31 DEBUG - Found AspectJ method: public void io.appium.java_client.events.DefaultAspect.beforeSwitchingToContext(org.aspectj.lang.JoinPoint) throws java.lang.Throwable
11:25:31 DEBUG - Found AspectJ method: public void io.appium.java_client.events.DefaultAspect.beforeTakeScreenShot(org.aspectj.lang.JoinPoint) throws java.lang.Throwable
11:25:31 DEBUG - Found AspectJ method: public void io.appium.java_client.events.DefaultAspect.beforeWindowIsMoved(org.aspectj.lang.JoinPoint) throws java.lang.Throwable
11:25:31 DEBUG - Found AspectJ method: public void io.appium.java_client.events.DefaultAspect.beforeWindowIsResized(org.aspectj.lang.JoinPoint) throws java.lang.Throwable
11:25:31 DEBUG - Found AspectJ method: public void io.appium.java_client.events.DefaultAspect.afterAlertAccept(org.aspectj.lang.JoinPoint) throws java.lang.Throwable
11:25:31 DEBUG - Found AspectJ method: public void io.appium.java_client.events.DefaultAspect.afterAlertDismiss(org.aspectj.lang.JoinPoint) throws java.lang.Throwable
11:25:31 DEBUG - Found AspectJ method: public void io.appium.java_client.events.DefaultAspect.afterAlertSendKeys(org.aspectj.lang.JoinPoint) throws java.lang.Throwable
11:25:31 DEBUG - Found AspectJ method: public void io.appium.java_client.events.DefaultAspect.afterChangeValueOf(org.aspectj.lang.JoinPoint) throws java.lang.Throwable
11:25:31 DEBUG - Found AspectJ method: public void io.appium.java_client.events.DefaultAspect.afterClickOn(org.aspectj.lang.JoinPoint) throws java.lang.Throwable
11:25:31 DEBUG - Found AspectJ method: public void io.appium.java_client.events.DefaultAspect.afterFindBy(org.aspectj.lang.JoinPoint) throws java.lang.Throwable
11:25:31 DEBUG - Found AspectJ method: public void io.appium.java_client.events.DefaultAspect.afterMaximization(org.aspectj.lang.JoinPoint) throws java.lang.Throwable
11:25:31 DEBUG - Found AspectJ method: public void io.appium.java_client.events.DefaultAspect.afterNavigateBack(org.aspectj.lang.JoinPoint) throws java.lang.Throwable
11:25:31 DEBUG - Found AspectJ method: public void io.appium.java_client.events.DefaultAspect.afterNavigateForward(org.aspectj.lang.JoinPoint) throws java.lang.Throwable
11:25:31 DEBUG - Found AspectJ method: public void io.appium.java_client.events.DefaultAspect.afterNavigateRefresh(org.aspectj.lang.JoinPoint) throws java.lang.Throwable
11:25:31 DEBUG - Found AspectJ method: public void io.appium.java_client.events.DefaultAspect.afterNavigateTo(org.aspectj.lang.JoinPoint) throws java.lang.Throwable
11:25:31 DEBUG - Found AspectJ method: public void io.appium.java_client.events.DefaultAspect.afterRotation(org.aspectj.lang.JoinPoint) throws java.lang.Throwable
11:25:31 DEBUG - Found AspectJ method: public void io.appium.java_client.events.DefaultAspect.afterScript(org.aspectj.lang.JoinPoint) throws java.lang.Throwable
11:25:31 DEBUG - Found AspectJ method: public void io.appium.java_client.events.DefaultAspect.afterSwitchToWindow(org.aspectj.lang.JoinPoint) throws java.lang.Throwable
11:25:31 DEBUG - Found AspectJ method: public void io.appium.java_client.events.DefaultAspect.afterSwitchingToContextn(org.aspectj.lang.JoinPoint) throws java.lang.Throwable
11:25:31 DEBUG - Found AspectJ method: public void io.appium.java_client.events.DefaultAspect.afterWindowIsMoved(org.aspectj.lang.JoinPoint) throws java.lang.Throwable
11:25:31 DEBUG - Found AspectJ method: public void io.appium.java_client.events.DefaultAspect.afterWindowIsResized(org.aspectj.lang.JoinPoint) throws java.lang.Throwable
11:25:31 DEBUG - Found AspectJ method: public void io.appium.java_client.events.DefaultAspect.afterTakeScreenShot(org.aspectj.lang.JoinPoint,java.lang.Object) throws java.lang.Throwable
11:25:31 DEBUG - Found AspectJ method: public java.lang.Object io.appium.java_client.events.DefaultAspect.doAround(org.aspectj.lang.ProceedingJoinPoint) throws java.lang.Throwable
11:25:31 DEBUG - Found AspectJ method: public void io.appium.java_client.events.DefaultAspect.beforeAlertAccept(org.aspectj.lang.JoinPoint) throws java.lang.Throwable
11:25:31 DEBUG - Found AspectJ method: public void io.appium.java_client.events.DefaultAspect.beforeAlertDismiss(org.aspectj.lang.JoinPoint) throws java.lang.Throwable
11:25:31 DEBUG - Found AspectJ method: public void io.appium.java_client.events.DefaultAspect.beforeAlertSendKeys(org.aspectj.lang.JoinPoint) throws java.lang.Throwable
11:25:31 DEBUG - Found AspectJ method: public void io.appium.java_client.events.DefaultAspect.beforeChangeValueOf(org.aspectj.lang.JoinPoint) throws java.lang.Throwable
11:25:31 DEBUG - Found AspectJ method: public void io.appium.java_client.events.DefaultAspect.beforeClickOn(org.aspectj.lang.JoinPoint) throws java.lang.Throwable
11:25:31 DEBUG - Found AspectJ method: public void io.appium.java_client.events.DefaultAspect.beforeFindBy(org.aspectj.lang.JoinPoint) throws java.lang.Throwable
11:25:31 DEBUG - Found AspectJ method: public void io.appium.java_client.events.DefaultAspect.beforeMaximization(org.aspectj.lang.JoinPoint) throws java.lang.Throwable
11:25:31 DEBUG - Found AspectJ method: public void io.appium.java_client.events.DefaultAspect.beforeNavigateBack(org.aspectj.lang.JoinPoint) throws java.lang.Throwable
11:25:31 DEBUG - Found AspectJ method: public void io.appium.java_client.events.DefaultAspect.beforeNavigateForward(org.aspectj.lang.JoinPoint) throws java.lang.Throwable
11:25:31 DEBUG - Found AspectJ method: public void io.appium.java_client.events.DefaultAspect.beforeNavigateRefresh(org.aspectj.lang.JoinPoint) throws java.lang.Throwable
11:25:31 DEBUG - Found AspectJ method: public void io.appium.java_client.events.DefaultAspect.beforeNavigateTo(org.aspectj.lang.JoinPoint) throws java.lang.Throwable
11:25:31 DEBUG - Found AspectJ method: public void io.appium.java_client.events.DefaultAspect.beforeRotation(org.aspectj.lang.JoinPoint) throws java.lang.Throwable
11:25:31 DEBUG - Found AspectJ method: public void io.appium.java_client.events.DefaultAspect.beforeScript(org.aspectj.lang.JoinPoint) throws java.lang.Throwable
11:25:31 DEBUG - Found AspectJ method: public void io.appium.java_client.events.DefaultAspect.beforeSwitchToWindow(org.aspectj.lang.JoinPoint) throws java.lang.Throwable
11:25:31 DEBUG - Found AspectJ method: public void io.appium.java_client.events.DefaultAspect.beforeSwitchingToContext(org.aspectj.lang.JoinPoint) throws java.lang.Throwable
11:25:31 DEBUG - Found AspectJ method: public void io.appium.java_client.events.DefaultAspect.beforeTakeScreenShot(org.aspectj.lang.JoinPoint) throws java.lang.Throwable
11:25:31 DEBUG - Found AspectJ method: public void io.appium.java_client.events.DefaultAspect.beforeWindowIsMoved(org.aspectj.lang.JoinPoint) throws java.lang.Throwable
11:25:31 DEBUG - Found AspectJ method: public void io.appium.java_client.events.DefaultAspect.beforeWindowIsResized(org.aspectj.lang.JoinPoint) throws java.lang.Throwable
11:25:31 DEBUG - Found AspectJ method: public void io.appium.java_client.events.DefaultAspect.afterAlertAccept(org.aspectj.lang.JoinPoint) throws java.lang.Throwable
11:25:31 DEBUG - Found AspectJ method: public void io.appium.java_client.events.DefaultAspect.afterAlertDismiss(org.aspectj.lang.JoinPoint) throws java.lang.Throwable
11:25:31 DEBUG - Found AspectJ method: public void io.appium.java_client.events.DefaultAspect.afterAlertSendKeys(org.aspectj.lang.JoinPoint) throws java.lang.Throwable
11:25:31 DEBUG - Found AspectJ method: public void io.appium.java_client.events.DefaultAspect.afterChangeValueOf(org.aspectj.lang.JoinPoint) throws java.lang.Throwable
11:25:31 DEBUG - Found AspectJ method: public void io.appium.java_client.events.DefaultAspect.afterClickOn(org.aspectj.lang.JoinPoint) throws java.lang.Throwable
11:25:31 DEBUG - Found AspectJ method: public void io.appium.java_client.events.DefaultAspect.afterFindBy(org.aspectj.lang.JoinPoint) throws java.lang.Throwable
11:25:31 DEBUG - Found AspectJ method: public void io.appium.java_client.events.DefaultAspect.afterMaximization(org.aspectj.lang.JoinPoint) throws java.lang.Throwable
11:25:31 DEBUG - Found AspectJ method: public void io.appium.java_client.events.DefaultAspect.afterNavigateBack(org.aspectj.lang.JoinPoint) throws java.lang.Throwable
11:25:31 DEBUG - Found AspectJ method: public void io.appium.java_client.events.DefaultAspect.afterNavigateForward(org.aspectj.lang.JoinPoint) throws java.lang.Throwable
11:25:31 DEBUG - Found AspectJ method: public void io.appium.java_client.events.DefaultAspect.afterNavigateRefresh(org.aspectj.lang.JoinPoint) throws java.lang.Throwable
11:25:31 DEBUG - Found AspectJ method: public void io.appium.java_client.events.DefaultAspect.afterNavigateTo(org.aspectj.lang.JoinPoint) throws java.lang.Throwable
11:25:31 DEBUG - Found AspectJ method: public void io.appium.java_client.events.DefaultAspect.afterRotation(org.aspectj.lang.JoinPoint) throws java.lang.Throwable
11:25:31 DEBUG - Found AspectJ method: public void io.appium.java_client.events.DefaultAspect.afterScript(org.aspectj.lang.JoinPoint) throws java.lang.Throwable
11:25:31 DEBUG - Found AspectJ method: public void io.appium.java_client.events.DefaultAspect.afterSwitchToWindow(org.aspectj.lang.JoinPoint) throws java.lang.Throwable
11:25:31 DEBUG - Found AspectJ method: public void io.appium.java_client.events.DefaultAspect.afterSwitchingToContextn(org.aspectj.lang.JoinPoint) throws java.lang.Throwable
11:25:31 DEBUG - Found AspectJ method: public void io.appium.java_client.events.DefaultAspect.afterWindowIsMoved(org.aspectj.lang.JoinPoint) throws java.lang.Throwable
11:25:31 DEBUG - Found AspectJ method: public void io.appium.java_client.events.DefaultAspect.afterWindowIsResized(org.aspectj.lang.JoinPoint) throws java.lang.Throwable
11:25:31 DEBUG - Found AspectJ method: public void io.appium.java_client.events.DefaultAspect.afterTakeScreenShot(org.aspectj.lang.JoinPoint,java.lang.Object) throws java.lang.Throwable
11:25:31 INFO  - Start find --> By.xpath: //*[@resource-id='org.wikipedia:id/main_drawer_login_button']
11:25:32 INFO  - By.xpath: //*[@resource-id='org.wikipedia:id/main_drawer_login_button'] <-- Found
11:25:32 DEBUG - Found AspectJ method: public java.lang.Object io.appium.java_client.events.DefaultAspect.doAround(org.aspectj.lang.ProceedingJoinPoint) throws java.lang.Throwable
11:25:32 DEBUG - Found AspectJ method: public void io.appium.java_client.events.DefaultAspect.beforeAlertAccept(org.aspectj.lang.JoinPoint) throws java.lang.Throwable
11:25:32 DEBUG - Found AspectJ method: public void io.appium.java_client.events.DefaultAspect.beforeAlertDismiss(org.aspectj.lang.JoinPoint) throws java.lang.Throwable
11:25:32 DEBUG - Found AspectJ method: public void io.appium.java_client.events.DefaultAspect.beforeAlertSendKeys(org.aspectj.lang.JoinPoint) throws java.lang.Throwable
11:25:32 DEBUG - Found AspectJ method: public void io.appium.java_client.events.DefaultAspect.beforeChangeValueOf(org.aspectj.lang.JoinPoint) throws java.lang.Throwable
11:25:32 DEBUG - Found AspectJ method: public void io.appium.java_client.events.DefaultAspect.beforeClickOn(org.aspectj.lang.JoinPoint) throws java.lang.Throwable
11:25:32 DEBUG - Found AspectJ method: public void io.appium.java_client.events.DefaultAspect.beforeFindBy(org.aspectj.lang.JoinPoint) throws java.lang.Throwable
11:25:32 DEBUG - Found AspectJ method: public void io.appium.java_client.events.DefaultAspect.beforeMaximization(org.aspectj.lang.JoinPoint) throws java.lang.Throwable
11:25:32 DEBUG - Found AspectJ method: public void io.appium.java_client.events.DefaultAspect.beforeNavigateBack(org.aspectj.lang.JoinPoint) throws java.lang.Throwable
11:25:32 DEBUG - Found AspectJ method: public void io.appium.java_client.events.DefaultAspect.beforeNavigateForward(org.aspectj.lang.JoinPoint) throws java.lang.Throwable
11:25:32 DEBUG - Found AspectJ method: public void io.appium.java_client.events.DefaultAspect.beforeNavigateRefresh(org.aspectj.lang.JoinPoint) throws java.lang.Throwable
11:25:32 DEBUG - Found AspectJ method: public void io.appium.java_client.events.DefaultAspect.beforeNavigateTo(org.aspectj.lang.JoinPoint) throws java.lang.Throwable
11:25:32 DEBUG - Found AspectJ method: public void io.appium.java_client.events.DefaultAspect.beforeRotation(org.aspectj.lang.JoinPoint) throws java.lang.Throwable
11:25:32 DEBUG - Found AspectJ method: public void io.appium.java_client.events.DefaultAspect.beforeScript(org.aspectj.lang.JoinPoint) throws java.lang.Throwable
11:25:32 DEBUG - Found AspectJ method: public void io.appium.java_client.events.DefaultAspect.beforeSwitchToWindow(org.aspectj.lang.JoinPoint) throws java.lang.Throwable
11:25:32 DEBUG - Found AspectJ method: public void io.appium.java_client.events.DefaultAspect.beforeSwitchingToContext(org.aspectj.lang.JoinPoint) throws java.lang.Throwable
11:25:32 DEBUG - Found AspectJ method: public void io.appium.java_client.events.DefaultAspect.beforeTakeScreenShot(org.aspectj.lang.JoinPoint) throws java.lang.Throwable
11:25:32 DEBUG - Found AspectJ method: public void io.appium.java_client.events.DefaultAspect.beforeWindowIsMoved(org.aspectj.lang.JoinPoint) throws java.lang.Throwable
11:25:32 DEBUG - Found AspectJ method: public void io.appium.java_client.events.DefaultAspect.beforeWindowIsResized(org.aspectj.lang.JoinPoint) throws java.lang.Throwable
11:25:32 DEBUG - Found AspectJ method: public void io.appium.java_client.events.DefaultAspect.afterAlertAccept(org.aspectj.lang.JoinPoint) throws java.lang.Throwable
11:25:32 DEBUG - Found AspectJ method: public void io.appium.java_client.events.DefaultAspect.afterAlertDismiss(org.aspectj.lang.JoinPoint) throws java.lang.Throwable
11:25:32 DEBUG - Found AspectJ method: public void io.appium.java_client.events.DefaultAspect.afterAlertSendKeys(org.aspectj.lang.JoinPoint) throws java.lang.Throwable
11:25:32 DEBUG - Found AspectJ method: public void io.appium.java_client.events.DefaultAspect.afterChangeValueOf(org.aspectj.lang.JoinPoint) throws java.lang.Throwable
11:25:32 DEBUG - Found AspectJ method: public void io.appium.java_client.events.DefaultAspect.afterClickOn(org.aspectj.lang.JoinPoint) throws java.lang.Throwable
11:25:32 DEBUG - Found AspectJ method: public void io.appium.java_client.events.DefaultAspect.afterFindBy(org.aspectj.lang.JoinPoint) throws java.lang.Throwable
11:25:32 DEBUG - Found AspectJ method: public void io.appium.java_client.events.DefaultAspect.afterMaximization(org.aspectj.lang.JoinPoint) throws java.lang.Throwable
11:25:32 DEBUG - Found AspectJ method: public void io.appium.java_client.events.DefaultAspect.afterNavigateBack(org.aspectj.lang.JoinPoint) throws java.lang.Throwable
11:25:32 DEBUG - Found AspectJ method: public void io.appium.java_client.events.DefaultAspect.afterNavigateForward(org.aspectj.lang.JoinPoint) throws java.lang.Throwable
11:25:32 DEBUG - Found AspectJ method: public void io.appium.java_client.events.DefaultAspect.afterNavigateRefresh(org.aspectj.lang.JoinPoint) throws java.lang.Throwable
11:25:32 DEBUG - Found AspectJ method: public void io.appium.java_client.events.DefaultAspect.afterNavigateTo(org.aspectj.lang.JoinPoint) throws java.lang.Throwable
11:25:32 DEBUG - Found AspectJ method: public void io.appium.java_client.events.DefaultAspect.afterRotation(org.aspectj.lang.JoinPoint) throws java.lang.Throwable
11:25:32 DEBUG - Found AspectJ method: public void io.appium.java_client.events.DefaultAspect.afterScript(org.aspectj.lang.JoinPoint) throws java.lang.Throwable
11:25:32 DEBUG - Found AspectJ method: public void io.appium.java_client.events.DefaultAspect.afterSwitchToWindow(org.aspectj.lang.JoinPoint) throws java.lang.Throwable
11:25:32 DEBUG - Found AspectJ method: public void io.appium.java_client.events.DefaultAspect.afterSwitchingToContextn(org.aspectj.lang.JoinPoint) throws java.lang.Throwable
11:25:32 DEBUG - Found AspectJ method: public void io.appium.java_client.events.DefaultAspect.afterWindowIsMoved(org.aspectj.lang.JoinPoint) throws java.lang.Throwable
11:25:32 DEBUG - Found AspectJ method: public void io.appium.java_client.events.DefaultAspect.afterWindowIsResized(org.aspectj.lang.JoinPoint) throws java.lang.Throwable
11:25:32 DEBUG - Found AspectJ method: public void io.appium.java_client.events.DefaultAspect.afterTakeScreenShot(org.aspectj.lang.JoinPoint,java.lang.Object) throws java.lang.Throwable
11:25:32 DEBUG - Found AspectJ method: public java.lang.Object io.appium.java_client.events.DefaultAspect.doAround(org.aspectj.lang.ProceedingJoinPoint) throws java.lang.Throwable
11:25:32 DEBUG - Found AspectJ method: public void io.appium.java_client.events.DefaultAspect.beforeAlertAccept(org.aspectj.lang.JoinPoint) throws java.lang.Throwable
11:25:32 DEBUG - Found AspectJ method: public void io.appium.java_client.events.DefaultAspect.beforeAlertDismiss(org.aspectj.lang.JoinPoint) throws java.lang.Throwable
11:25:32 DEBUG - Found AspectJ method: public void io.appium.java_client.events.DefaultAspect.beforeAlertSendKeys(org.aspectj.lang.JoinPoint) throws java.lang.Throwable
11:25:32 DEBUG - Found AspectJ method: public void io.appium.java_client.events.DefaultAspect.beforeChangeValueOf(org.aspectj.lang.JoinPoint) throws java.lang.Throwable
11:25:32 DEBUG - Found AspectJ method: public void io.appium.java_client.events.DefaultAspect.beforeClickOn(org.aspectj.lang.JoinPoint) throws java.lang.Throwable
11:25:32 DEBUG - Found AspectJ method: public void io.appium.java_client.events.DefaultAspect.beforeFindBy(org.aspectj.lang.JoinPoint) throws java.lang.Throwable
11:25:32 DEBUG - Found AspectJ method: public void io.appium.java_client.events.DefaultAspect.beforeMaximization(org.aspectj.lang.JoinPoint) throws java.lang.Throwable
11:25:32 DEBUG - Found AspectJ method: public void io.appium.java_client.events.DefaultAspect.beforeNavigateBack(org.aspectj.lang.JoinPoint) throws java.lang.Throwable
11:25:32 DEBUG - Found AspectJ method: public void io.appium.java_client.events.DefaultAspect.beforeNavigateForward(org.aspectj.lang.JoinPoint) throws java.lang.Throwable
11:25:32 DEBUG - Found AspectJ method: public void io.appium.java_client.events.DefaultAspect.beforeNavigateRefresh(org.aspectj.lang.JoinPoint) throws java.lang.Throwable
11:25:32 DEBUG - Found AspectJ method: public void io.appium.java_client.events.DefaultAspect.beforeNavigateTo(org.aspectj.lang.JoinPoint) throws java.lang.Throwable
11:25:32 DEBUG - Found AspectJ method: public void io.appium.java_client.events.DefaultAspect.beforeRotation(org.aspectj.lang.JoinPoint) throws java.lang.Throwable
11:25:32 DEBUG - Found AspectJ method: public void io.appium.java_client.events.DefaultAspect.beforeScript(org.aspectj.lang.JoinPoint) throws java.lang.Throwable
11:25:32 DEBUG - Found AspectJ method: public void io.appium.java_client.events.DefaultAspect.beforeSwitchToWindow(org.aspectj.lang.JoinPoint) throws java.lang.Throwable
11:25:32 DEBUG - Found AspectJ method: public void io.appium.java_client.events.DefaultAspect.beforeSwitchingToContext(org.aspectj.lang.JoinPoint) throws java.lang.Throwable
11:25:32 DEBUG - Found AspectJ method: public void io.appium.java_client.events.DefaultAspect.beforeTakeScreenShot(org.aspectj.lang.JoinPoint) throws java.lang.Throwable
11:25:32 DEBUG - Found AspectJ method: public void io.appium.java_client.events.DefaultAspect.beforeWindowIsMoved(org.aspectj.lang.JoinPoint) throws java.lang.Throwable
11:25:32 DEBUG - Found AspectJ method: public void io.appium.java_client.events.DefaultAspect.beforeWindowIsResized(org.aspectj.lang.JoinPoint) throws java.lang.Throwable
11:25:32 DEBUG - Found AspectJ method: public void io.appium.java_client.events.DefaultAspect.afterAlertAccept(org.aspectj.lang.JoinPoint) throws java.lang.Throwable
11:25:32 DEBUG - Found AspectJ method: public void io.appium.java_client.events.DefaultAspect.afterAlertDismiss(org.aspectj.lang.JoinPoint) throws java.lang.Throwable
11:25:32 DEBUG - Found AspectJ method: public void io.appium.java_client.events.DefaultAspect.afterAlertSendKeys(org.aspectj.lang.JoinPoint) throws java.lang.Throwable
11:25:32 DEBUG - Found AspectJ method: public void io.appium.java_client.events.DefaultAspect.afterChangeValueOf(org.aspectj.lang.JoinPoint) throws java.lang.Throwable
11:25:32 DEBUG - Found AspectJ method: public void io.appium.java_client.events.DefaultAspect.afterClickOn(org.aspectj.lang.JoinPoint) throws java.lang.Throwable
11:25:32 DEBUG - Found AspectJ method: public void io.appium.java_client.events.DefaultAspect.afterFindBy(org.aspectj.lang.JoinPoint) throws java.lang.Throwable
11:25:32 DEBUG - Found AspectJ method: public void io.appium.java_client.events.DefaultAspect.afterMaximization(org.aspectj.lang.JoinPoint) throws java.lang.Throwable
11:25:32 DEBUG - Found AspectJ method: public void io.appium.java_client.events.DefaultAspect.afterNavigateBack(org.aspectj.lang.JoinPoint) throws java.lang.Throwable
11:25:32 DEBUG - Found AspectJ method: public void io.appium.java_client.events.DefaultAspect.afterNavigateForward(org.aspectj.lang.JoinPoint) throws java.lang.Throwable
11:25:32 DEBUG - Found AspectJ method: public void io.appium.java_client.events.DefaultAspect.afterNavigateRefresh(org.aspectj.lang.JoinPoint) throws java.lang.Throwable
11:25:32 DEBUG - Found AspectJ method: public void io.appium.java_client.events.DefaultAspect.afterNavigateTo(org.aspectj.lang.JoinPoint) throws java.lang.Throwable
11:25:32 DEBUG - Found AspectJ method: public void io.appium.java_client.events.DefaultAspect.afterRotation(org.aspectj.lang.JoinPoint) throws java.lang.Throwable
11:25:32 DEBUG - Found AspectJ method: public void io.appium.java_client.events.DefaultAspect.afterScript(org.aspectj.lang.JoinPoint) throws java.lang.Throwable
11:25:32 DEBUG - Found AspectJ method: public void io.appium.java_client.events.DefaultAspect.afterSwitchToWindow(org.aspectj.lang.JoinPoint) throws java.lang.Throwable
11:25:32 DEBUG - Found AspectJ method: public void io.appium.java_client.events.DefaultAspect.afterSwitchingToContextn(org.aspectj.lang.JoinPoint) throws java.lang.Throwable
11:25:32 DEBUG - Found AspectJ method: public void io.appium.java_client.events.DefaultAspect.afterWindowIsMoved(org.aspectj.lang.JoinPoint) throws java.lang.Throwable
11:25:32 DEBUG - Found AspectJ method: public void io.appium.java_client.events.DefaultAspect.afterWindowIsResized(org.aspectj.lang.JoinPoint) throws java.lang.Throwable
11:25:32 DEBUG - Found AspectJ method: public void io.appium.java_client.events.DefaultAspect.afterTakeScreenShot(org.aspectj.lang.JoinPoint,java.lang.Object) throws java.lang.Throwable
11:25:32 INFO  - Start find --> By.xpath: //*[@resource-id='android:id/button1']
11:25:33 INFO  - By.xpath: //*[@resource-id='android:id/button1'] <-- Found
11:25:33 DEBUG - Found AspectJ method: public java.lang.Object io.appium.java_client.events.DefaultAspect.doAround(org.aspectj.lang.ProceedingJoinPoint) throws java.lang.Throwable
11:25:33 DEBUG - Found AspectJ method: public void io.appium.java_client.events.DefaultAspect.beforeAlertAccept(org.aspectj.lang.JoinPoint) throws java.lang.Throwable
11:25:33 DEBUG - Found AspectJ method: public void io.appium.java_client.events.DefaultAspect.beforeAlertDismiss(org.aspectj.lang.JoinPoint) throws java.lang.Throwable
11:25:33 DEBUG - Found AspectJ method: public void io.appium.java_client.events.DefaultAspect.beforeAlertSendKeys(org.aspectj.lang.JoinPoint) throws java.lang.Throwable
11:25:33 DEBUG - Found AspectJ method: public void io.appium.java_client.events.DefaultAspect.beforeChangeValueOf(org.aspectj.lang.JoinPoint) throws java.lang.Throwable
11:25:33 DEBUG - Found AspectJ method: public void io.appium.java_client.events.DefaultAspect.beforeClickOn(org.aspectj.lang.JoinPoint) throws java.lang.Throwable
11:25:33 DEBUG - Found AspectJ method: public void io.appium.java_client.events.DefaultAspect.beforeFindBy(org.aspectj.lang.JoinPoint) throws java.lang.Throwable
11:25:33 DEBUG - Found AspectJ method: public void io.appium.java_client.events.DefaultAspect.beforeMaximization(org.aspectj.lang.JoinPoint) throws java.lang.Throwable
11:25:33 DEBUG - Found AspectJ method: public void io.appium.java_client.events.DefaultAspect.beforeNavigateBack(org.aspectj.lang.JoinPoint) throws java.lang.Throwable
11:25:33 DEBUG - Found AspectJ method: public void io.appium.java_client.events.DefaultAspect.beforeNavigateForward(org.aspectj.lang.JoinPoint) throws java.lang.Throwable
11:25:33 DEBUG - Found AspectJ method: public void io.appium.java_client.events.DefaultAspect.beforeNavigateRefresh(org.aspectj.lang.JoinPoint) throws java.lang.Throwable
11:25:33 DEBUG - Found AspectJ method: public void io.appium.java_client.events.DefaultAspect.beforeNavigateTo(org.aspectj.lang.JoinPoint) throws java.lang.Throwable
11:25:33 DEBUG - Found AspectJ method: public void io.appium.java_client.events.DefaultAspect.beforeRotation(org.aspectj.lang.JoinPoint) throws java.lang.Throwable
11:25:33 DEBUG - Found AspectJ method: public void io.appium.java_client.events.DefaultAspect.beforeScript(org.aspectj.lang.JoinPoint) throws java.lang.Throwable
11:25:33 DEBUG - Found AspectJ method: public void io.appium.java_client.events.DefaultAspect.beforeSwitchToWindow(org.aspectj.lang.JoinPoint) throws java.lang.Throwable
11:25:33 DEBUG - Found AspectJ method: public void io.appium.java_client.events.DefaultAspect.beforeSwitchingToContext(org.aspectj.lang.JoinPoint) throws java.lang.Throwable
11:25:33 DEBUG - Found AspectJ method: public void io.appium.java_client.events.DefaultAspect.beforeTakeScreenShot(org.aspectj.lang.JoinPoint) throws java.lang.Throwable
11:25:33 DEBUG - Found AspectJ method: public void io.appium.java_client.events.DefaultAspect.beforeWindowIsMoved(org.aspectj.lang.JoinPoint) throws java.lang.Throwable
11:25:33 DEBUG - Found AspectJ method: public void io.appium.java_client.events.DefaultAspect.beforeWindowIsResized(org.aspectj.lang.JoinPoint) throws java.lang.Throwable
11:25:33 DEBUG - Found AspectJ method: public void io.appium.java_client.events.DefaultAspect.afterAlertAccept(org.aspectj.lang.JoinPoint) throws java.lang.Throwable
11:25:33 DEBUG - Found AspectJ method: public void io.appium.java_client.events.DefaultAspect.afterAlertDismiss(org.aspectj.lang.JoinPoint) throws java.lang.Throwable
11:25:33 DEBUG - Found AspectJ method: public void io.appium.java_client.events.DefaultAspect.afterAlertSendKeys(org.aspectj.lang.JoinPoint) throws java.lang.Throwable
11:25:33 DEBUG - Found AspectJ method: public void io.appium.java_client.events.DefaultAspect.afterChangeValueOf(org.aspectj.lang.JoinPoint) throws java.lang.Throwable
11:25:33 DEBUG - Found AspectJ method: public void io.appium.java_client.events.DefaultAspect.afterClickOn(org.aspectj.lang.JoinPoint) throws java.lang.Throwable
11:25:33 DEBUG - Found AspectJ method: public void io.appium.java_client.events.DefaultAspect.afterFindBy(org.aspectj.lang.JoinPoint) throws java.lang.Throwable
11:25:33 DEBUG - Found AspectJ method: public void io.appium.java_client.events.DefaultAspect.afterMaximization(org.aspectj.lang.JoinPoint) throws java.lang.Throwable
11:25:33 DEBUG - Found AspectJ method: public void io.appium.java_client.events.DefaultAspect.afterNavigateBack(org.aspectj.lang.JoinPoint) throws java.lang.Throwable
11:25:33 DEBUG - Found AspectJ method: public void io.appium.java_client.events.DefaultAspect.afterNavigateForward(org.aspectj.lang.JoinPoint) throws java.lang.Throwable
11:25:33 DEBUG - Found AspectJ method: public void io.appium.java_client.events.DefaultAspect.afterNavigateRefresh(org.aspectj.lang.JoinPoint) throws java.lang.Throwable
11:25:33 DEBUG - Found AspectJ method: public void io.appium.java_client.events.DefaultAspect.afterNavigateTo(org.aspectj.lang.JoinPoint) throws java.lang.Throwable
11:25:33 DEBUG - Found AspectJ method: public void io.appium.java_client.events.DefaultAspect.afterRotation(org.aspectj.lang.JoinPoint) throws java.lang.Throwable
11:25:33 DEBUG - Found AspectJ method: public void io.appium.java_client.events.DefaultAspect.afterScript(org.aspectj.lang.JoinPoint) throws java.lang.Throwable
11:25:33 DEBUG - Found AspectJ method: public void io.appium.java_client.events.DefaultAspect.afterSwitchToWindow(org.aspectj.lang.JoinPoint) throws java.lang.Throwable
11:25:33 DEBUG - Found AspectJ method: public void io.appium.java_client.events.DefaultAspect.afterSwitchingToContextn(org.aspectj.lang.JoinPoint) throws java.lang.Throwable
11:25:33 DEBUG - Found AspectJ method: public void io.appium.java_client.events.DefaultAspect.afterWindowIsMoved(org.aspectj.lang.JoinPoint) throws java.lang.Throwable
11:25:33 DEBUG - Found AspectJ method: public void io.appium.java_client.events.DefaultAspect.afterWindowIsResized(org.aspectj.lang.JoinPoint) throws java.lang.Throwable
11:25:33 DEBUG - Found AspectJ method: public void io.appium.java_client.events.DefaultAspect.afterTakeScreenShot(org.aspectj.lang.JoinPoint,java.lang.Object) throws java.lang.Throwable
11:25:33 DEBUG - Found AspectJ method: public java.lang.Object io.appium.java_client.events.DefaultAspect.doAround(org.aspectj.lang.ProceedingJoinPoint) throws java.lang.Throwable
11:25:33 DEBUG - Found AspectJ method: public void io.appium.java_client.events.DefaultAspect.beforeAlertAccept(org.aspectj.lang.JoinPoint) throws java.lang.Throwable
11:25:33 DEBUG - Found AspectJ method: public void io.appium.java_client.events.DefaultAspect.beforeAlertDismiss(org.aspectj.lang.JoinPoint) throws java.lang.Throwable
11:25:33 DEBUG - Found AspectJ method: public void io.appium.java_client.events.DefaultAspect.beforeAlertSendKeys(org.aspectj.lang.JoinPoint) throws java.lang.Throwable
11:25:33 DEBUG - Found AspectJ method: public void io.appium.java_client.events.DefaultAspect.beforeChangeValueOf(org.aspectj.lang.JoinPoint) throws java.lang.Throwable
11:25:33 DEBUG - Found AspectJ method: public void io.appium.java_client.events.DefaultAspect.beforeClickOn(org.aspectj.lang.JoinPoint) throws java.lang.Throwable
11:25:33 DEBUG - Found AspectJ method: public void io.appium.java_client.events.DefaultAspect.beforeFindBy(org.aspectj.lang.JoinPoint) throws java.lang.Throwable
11:25:33 DEBUG - Found AspectJ method: public void io.appium.java_client.events.DefaultAspect.beforeMaximization(org.aspectj.lang.JoinPoint) throws java.lang.Throwable
11:25:33 DEBUG - Found AspectJ method: public void io.appium.java_client.events.DefaultAspect.beforeNavigateBack(org.aspectj.lang.JoinPoint) throws java.lang.Throwable
11:25:33 DEBUG - Found AspectJ method: public void io.appium.java_client.events.DefaultAspect.beforeNavigateForward(org.aspectj.lang.JoinPoint) throws java.lang.Throwable
11:25:33 DEBUG - Found AspectJ method: public void io.appium.java_client.events.DefaultAspect.beforeNavigateRefresh(org.aspectj.lang.JoinPoint) throws java.lang.Throwable
11:25:33 DEBUG - Found AspectJ method: public void io.appium.java_client.events.DefaultAspect.beforeNavigateTo(org.aspectj.lang.JoinPoint) throws java.lang.Throwable
11:25:33 DEBUG - Found AspectJ method: public void io.appium.java_client.events.DefaultAspect.beforeRotation(org.aspectj.lang.JoinPoint) throws java.lang.Throwable
11:25:33 DEBUG - Found AspectJ method: public void io.appium.java_client.events.DefaultAspect.beforeScript(org.aspectj.lang.JoinPoint) throws java.lang.Throwable
11:25:33 DEBUG - Found AspectJ method: public void io.appium.java_client.events.DefaultAspect.beforeSwitchToWindow(org.aspectj.lang.JoinPoint) throws java.lang.Throwable
11:25:33 DEBUG - Found AspectJ method: public void io.appium.java_client.events.DefaultAspect.beforeSwitchingToContext(org.aspectj.lang.JoinPoint) throws java.lang.Throwable
11:25:33 DEBUG - Found AspectJ method: public void io.appium.java_client.events.DefaultAspect.beforeTakeScreenShot(org.aspectj.lang.JoinPoint) throws java.lang.Throwable
11:25:33 DEBUG - Found AspectJ method: public void io.appium.java_client.events.DefaultAspect.beforeWindowIsMoved(org.aspectj.lang.JoinPoint) throws java.lang.Throwable
11:25:33 DEBUG - Found AspectJ method: public void io.appium.java_client.events.DefaultAspect.beforeWindowIsResized(org.aspectj.lang.JoinPoint) throws java.lang.Throwable
11:25:33 DEBUG - Found AspectJ method: public void io.appium.java_client.events.DefaultAspect.afterAlertAccept(org.aspectj.lang.JoinPoint) throws java.lang.Throwable
11:25:33 DEBUG - Found AspectJ method: public void io.appium.java_client.events.DefaultAspect.afterAlertDismiss(org.aspectj.lang.JoinPoint) throws java.lang.Throwable
11:25:33 DEBUG - Found AspectJ method: public void io.appium.java_client.events.DefaultAspect.afterAlertSendKeys(org.aspectj.lang.JoinPoint) throws java.lang.Throwable
11:25:33 DEBUG - Found AspectJ method: public void io.appium.java_client.events.DefaultAspect.afterChangeValueOf(org.aspectj.lang.JoinPoint) throws java.lang.Throwable
11:25:33 DEBUG - Found AspectJ method: public void io.appium.java_client.events.DefaultAspect.afterClickOn(org.aspectj.lang.JoinPoint) throws java.lang.Throwable
11:25:33 DEBUG - Found AspectJ method: public void io.appium.java_client.events.DefaultAspect.afterFindBy(org.aspectj.lang.JoinPoint) throws java.lang.Throwable
11:25:33 DEBUG - Found AspectJ method: public void io.appium.java_client.events.DefaultAspect.afterMaximization(org.aspectj.lang.JoinPoint) throws java.lang.Throwable
11:25:33 DEBUG - Found AspectJ method: public void io.appium.java_client.events.DefaultAspect.afterNavigateBack(org.aspectj.lang.JoinPoint) throws java.lang.Throwable
11:25:33 DEBUG - Found AspectJ method: public void io.appium.java_client.events.DefaultAspect.afterNavigateForward(org.aspectj.lang.JoinPoint) throws java.lang.Throwable
11:25:33 DEBUG - Found AspectJ method: public void io.appium.java_client.events.DefaultAspect.afterNavigateRefresh(org.aspectj.lang.JoinPoint) throws java.lang.Throwable
11:25:33 DEBUG - Found AspectJ method: public void io.appium.java_client.events.DefaultAspect.afterNavigateTo(org.aspectj.lang.JoinPoint) throws java.lang.Throwable
11:25:33 DEBUG - Found AspectJ method: public void io.appium.java_client.events.DefaultAspect.afterRotation(org.aspectj.lang.JoinPoint) throws java.lang.Throwable
11:25:33 DEBUG - Found AspectJ method: public void io.appium.java_client.events.DefaultAspect.afterScript(org.aspectj.lang.JoinPoint) throws java.lang.Throwable
11:25:33 DEBUG - Found AspectJ method: public void io.appium.java_client.events.DefaultAspect.afterSwitchToWindow(org.aspectj.lang.JoinPoint) throws java.lang.Throwable
11:25:33 DEBUG - Found AspectJ method: public void io.appium.java_client.events.DefaultAspect.afterSwitchingToContextn(org.aspectj.lang.JoinPoint) throws java.lang.Throwable
11:25:33 DEBUG - Found AspectJ method: public void io.appium.java_client.events.DefaultAspect.afterWindowIsMoved(org.aspectj.lang.JoinPoint) throws java.lang.Throwable
11:25:33 DEBUG - Found AspectJ method: public void io.appium.java_client.events.DefaultAspect.afterWindowIsResized(org.aspectj.lang.JoinPoint) throws java.lang.Throwable
11:25:33 DEBUG - Found AspectJ method: public void io.appium.java_client.events.DefaultAspect.afterTakeScreenShot(org.aspectj.lang.JoinPoint,java.lang.Object) throws java.lang.Throwable
11:25:33 INFO  - Stop test logoutTest
************************************************
